2020-03-18 05:27:13 basehttp.log_message: "GET /vote/echart/ HTTP/1.1" 200 11063
2020-03-18 05:27:14 basehttp.log_message: "GET /static/debug_toolbar/css/print.css HTTP/1.1" 200 41
2020-03-18 05:27:14 basehttp.log_message: "GET /static/debug_toolbar/css/toolbar.css HTTP/1.1" 200 14984
2020-03-18 05:27:14 basehttp.log_message: "GET /static/debug_toolbar/js/toolbar.js HTTP/1.1" 200 12791
2020-03-18 05:27:14 basehttp.log_message: "GET /static/debug_toolbar/img/ajax-loader.gif HTTP/1.1" 200 404
2020-03-18 05:27:15 basehttp.log_message: "GET /static/debug_toolbar/img/djdt_vertical.png HTTP/1.1" 200 882
2020-03-18 05:27:15 basehttp.log_message: "GET /vote/teachers_data/ HTTP/1.1" 200 59
2020-03-18 05:31:50 log.log_response: Not Found: /__debug__/
2020-03-18 05:31:50 basehttp.log_message: "GET /__debug__/ HTTP/1.1" 404 12487
2020-03-18 05:31:51 basehttp.log_message: "GET /static/debug_toolbar/css/print.css HTTP/1.1" 304 0
2020-03-18 05:31:51 basehttp.log_message: "GET /static/debug_toolbar/js/toolbar.js HTTP/1.1" 304 0
2020-03-18 05:31:51 basehttp.log_message: "GET /static/debug_toolbar/css/toolbar.css HTTP/1.1" 304 0
2020-03-18 05:31:51 basehttp.log_message: "GET /static/debug_toolbar/img/ajax-loader.gif HTTP/1.1" 304 0
2020-03-18 05:33:15 log.log_response: Not Found: /admin/__debug__/
2020-03-18 05:33:15 basehttp.log_message: "GET /admin/__debug__/ HTTP/1.1" 404 14211
2020-03-18 05:34:14 log.log_response: Not Found: /__debug__/
2020-03-18 05:34:14 basehttp.log_message: "GET /__debug__/ HTTP/1.1" 404 12486
2020-03-18 05:34:14 basehttp.log_message: "GET /static/debug_toolbar/css/print.css HTTP/1.1" 304 0
2020-03-18 05:34:14 basehttp.log_message: "GET /static/debug_toolbar/js/toolbar.js HTTP/1.1" 304 0
2020-03-18 05:34:14 basehttp.log_message: "GET /static/debug_toolbar/css/toolbar.css HTTP/1.1" 304 0
2020-03-18 05:34:14 basehttp.log_message: "GET /static/debug_toolbar/img/ajax-loader.gif HTTP/1.1" 304 0
2020-03-18 05:38:00 basehttp.log_message: "GET /admin/ HTTP/1.1" 302 0
2020-03-18 05:38:01 basehttp.log_message: "GET /admin/login/?next=/admin/ HTTP/1.1" 200 11184
2020-03-18 05:38:01 basehttp.log_message: "GET /static/debug_toolbar/css/print.css HTTP/1.1" 304 0
2020-03-18 05:38:01 basehttp.log_message: "GET /static/debug_toolbar/js/toolbar.js HTTP/1.1" 304 0
2020-03-18 05:38:01 basehttp.log_message: "GET /static/admin/css/base.css HTTP/1.1" 200 16225
2020-03-18 05:38:01 basehttp.log_message: "GET /static/debug_toolbar/css/toolbar.css HTTP/1.1" 304 0
2020-03-18 05:38:01 basehttp.log_message: "GET /static/admin/css/login.css HTTP/1.1" 200 1203
2020-03-18 05:38:01 basehttp.log_message: "GET /static/admin/css/responsive.css HTTP/1.1" 200 17976
2020-03-18 05:38:01 basehttp.log_message: "GET /static/debug_toolbar/img/ajax-loader.gif HTTP/1.1" 304 0
2020-03-18 05:38:01 basehttp.log_message: "GET /static/admin/css/fonts.css HTTP/1.1" 200 423
2020-03-18 05:38:02 basehttp.log_message: "GET /static/admin/fonts/Roboto-Light-webfont.woff HTTP/1.1" 200 81348
2020-03-18 05:38:02 basehttp.log_message: "GET /static/admin/fonts/Roboto-Regular-webfont.woff HTTP/1.1" 200 80304
2020-03-18 05:38:11 basehttp.log_message: "POST /admin/login/?next=/admin/ HTTP/1.1" 302 0
2020-03-18 05:38:17 basehttp.log_message: "GET /admin/ HTTP/1.1" 200 17949
2020-03-18 05:38:18 basehttp.log_message: "GET /static/admin/css/dashboard.css HTTP/1.1" 200 412
2020-03-18 05:38:18 basehttp.log_message: "GET /static/admin/css/fonts.css HTTP/1.1" 304 0
2020-03-18 05:38:18 basehttp.log_message: "GET /static/admin/img/icon-addlink.svg HTTP/1.1" 200 331
2020-03-18 05:38:18 basehttp.log_message: "GET /static/admin/img/icon-changelink.svg HTTP/1.1" 200 380
2020-03-18 05:38:18 basehttp.log_message: "GET /static/admin/fonts/Roboto-Bold-webfont.woff HTTP/1.1" 200 82564
2020-03-18 05:38:24 basehttp.log_message: "GET /static/debug_toolbar/img/djdt_vertical.png HTTP/1.1" 304 0
2020-03-18 05:43:35 basehttp.log_message: "GET /vote/subjects/ HTTP/1.1" 200 9976
2020-03-18 05:43:36 basehttp.log_message: "GET /static/images/hot.png HTTP/1.1" 404 1666
2020-03-18 05:43:36 basehttp.log_message: "GET /static/debug_toolbar/js/toolbar.js HTTP/1.1" 304 0
2020-03-18 05:43:36 basehttp.log_message: "GET /static/debug_toolbar/css/toolbar.css HTTP/1.1" 304 0
2020-03-18 05:43:36 basehttp.log_message: "GET /static/debug_toolbar/css/print.css HTTP/1.1" 304 0
2020-03-18 05:43:36 basehttp.log_message: "GET /static/debug_toolbar/img/ajax-loader.gif HTTP/1.1" 304 0
2020-03-18 05:43:36 basehttp.log_message: "GET /static/debug_toolbar/img/djdt_vertical.png HTTP/1.1" 304 0
2020-03-18 05:46:10 basehttp.log_message: "GET /vote/subjects/teachers/?sno=20 HTTP/1.1" 200 11473
2020-03-18 05:48:35 basehttp.log_message: "GET /vote/echart/ HTTP/1.1" 200 11060
2020-03-18 05:48:35 basehttp.log_message: "GET /static/debug_toolbar/css/print.css HTTP/1.1" 304 0
2020-03-18 05:48:35 basehttp.log_message: "GET /static/debug_toolbar/css/toolbar.css HTTP/1.1" 304 0
2020-03-18 05:48:35 basehttp.log_message: "GET /static/debug_toolbar/js/toolbar.js HTTP/1.1" 304 0
2020-03-18 05:48:35 basehttp.log_message: "GET /static/debug_toolbar/img/ajax-loader.gif HTTP/1.1" 304 0
2020-03-18 05:48:35 basehttp.log_message: "GET /static/debug_toolbar/img/djdt_vertical.png HTTP/1.1" 304 0
2020-03-18 05:48:36 basehttp.log_message: "GET /vote/teachers_data/ HTTP/1.1" 200 59
2020-03-18 05:49:13 basehttp.log_message: "GET /static/debug_toolbar/img/indicator.png HTTP/1.1" 200 436
2020-03-18 05:49:13 basehttp.log_message: "GET /static/debug_toolbar/img/close.png HTTP/1.1" 200 498
2020-03-18 05:49:13 basehttp.log_message: "GET /__debug__/render_panel/?store_id=d42b42cad79f43839a53ec894299fbcc&panel_id=SQLPanel HTTP/1.1" 200 20817
2020-03-18 05:52:40 basehttp.log_message: "GET /vote/excel/ HTTP/1.1" 200 5632
2020-03-18 05:54:42 basehttp.log_message: "GET /__debug__/render_panel/?store_id=d42b42cad79f43839a53ec894299fbcc&panel_id=LoggingPanel HTTP/1.1" 200 32
2020-03-18 05:55:07 basehttp.log_message: "GET /vote/excel/ HTTP/1.1" 200 5632
2020-03-18 06:04:32 basehttp.log_message: "GET /vote/excel/ HTTP/1.1" 200 5632
2020-03-18 06:08:08 basehttp.log_message: "GET /vote/echart/ HTTP/1.1" 200 11062
2020-03-18 06:08:08 basehttp.log_message: "GET /static/debug_toolbar/css/print.css HTTP/1.1" 304 0
2020-03-18 06:08:08 basehttp.log_message: "GET /static/debug_toolbar/js/toolbar.js HTTP/1.1" 304 0
2020-03-18 06:08:08 basehttp.log_message: "GET /static/debug_toolbar/css/toolbar.css HTTP/1.1" 304 0
2020-03-18 06:08:09 basehttp.log_message: "GET /static/debug_toolbar/img/ajax-loader.gif HTTP/1.1" 304 0
2020-03-18 06:08:09 basehttp.log_message: "GET /vote/teachers_data/ HTTP/1.1" 200 59
2020-03-18 06:08:11 basehttp.log_message: "GET /static/debug_toolbar/img/indicator.png HTTP/1.1" 304 0
2020-03-18 06:08:11 basehttp.log_message: "GET /static/debug_toolbar/img/close.png HTTP/1.1" 304 0
2020-03-18 06:08:12 basehttp.log_message: "GET /__debug__/render_panel/?store_id=311533be0ed94da09b19de4e7c2892cb&panel_id=SQLPanel HTTP/1.1" 200 20833
2020-03-18 06:08:36 basehttp.log_message: "GET /static/debug_toolbar/img/close_hover.png HTTP/1.1" 200 706
2020-03-18 06:08:54 basehttp.log_message: "POST /__debug__/sql_explain/ HTTP/1.1" 200 2052
2020-03-18 06:08:54 basehttp.log_message: "GET /static/debug_toolbar/img/back.png HTTP/1.1" 200 574
2020-03-18 06:08:57 basehttp.log_message: "GET /static/debug_toolbar/img/back_hover.png HTTP/1.1" 200 613
2020-03-18 06:09:05 basehttp.log_message: "GET /__debug__/render_panel/?store_id=311533be0ed94da09b19de4e7c2892cb&panel_id=SettingsPanel HTTP/1.1" 200 25006
2020-03-18 06:09:14 basehttp.log_message: "GET /__debug__/render_panel/?store_id=311533be0ed94da09b19de4e7c2892cb&panel_id=HeadersPanel HTTP/1.1" 200 2854
2020-03-18 06:11:46 basehttp.log_message: "GET /vote/echart/ HTTP/1.1" 200 11061
2020-03-18 06:11:46 basehttp.log_message: "GET /static/debug_toolbar/css/print.css HTTP/1.1" 304 0
2020-03-18 06:11:46 basehttp.log_message: "GET /static/debug_toolbar/js/toolbar.js HTTP/1.1" 304 0
2020-03-18 06:11:46 basehttp.log_message: "GET /static/debug_toolbar/css/toolbar.css HTTP/1.1" 304 0
2020-03-18 06:11:46 basehttp.log_message: "GET /static/debug_toolbar/img/ajax-loader.gif HTTP/1.1" 304 0
2020-03-18 06:11:47 basehttp.log_message: "GET /vote/teachers_data/ HTTP/1.1" 200 59
2020-03-18 06:13:40 basehttp.log_message: "GET /static/debug_toolbar/img/indicator.png HTTP/1.1" 304 0
2020-03-18 06:13:40 basehttp.log_message: "GET /static/debug_toolbar/img/close.png HTTP/1.1" 304 0
2020-03-18 06:13:40 basehttp.log_message: "GET /__debug__/render_panel/?store_id=96c86edcdd8141d59654b95ee3544788&panel_id=SQLPanel HTTP/1.1" 200 20833
2020-03-18 06:28:55 basehttp.log_message: "GET /static/debug_toolbar/img/close_hover.png HTTP/1.1" 304 0
2020-03-18 06:29:02 basehttp.log_message: "GET /vote/echart/ HTTP/1.1" 200 11063
2020-03-18 06:29:02 basehttp.log_message: "GET /static/debug_toolbar/css/print.css HTTP/1.1" 304 0
2020-03-18 06:29:02 basehttp.log_message: "GET /static/debug_toolbar/css/toolbar.css HTTP/1.1" 304 0
2020-03-18 06:29:02 basehttp.log_message: "GET /static/debug_toolbar/js/toolbar.js HTTP/1.1" 304 0
2020-03-18 06:29:03 basehttp.log_message: "GET /static/debug_toolbar/img/ajax-loader.gif HTTP/1.1" 304 0
2020-03-18 06:29:04 basehttp.log_message: "GET /vote/teachers_data/ HTTP/1.1" 200 59
2020-03-18 06:29:10 basehttp.log_message: "GET /static/debug_toolbar/img/indicator.png HTTP/1.1" 304 0
2020-03-18 06:29:10 basehttp.log_message: "GET /static/debug_toolbar/img/close.png HTTP/1.1" 304 0
2020-03-18 06:29:11 basehttp.log_message: "GET /__debug__/render_panel/?store_id=afd38902a51f43e5bf9dda7d3ba8444d&panel_id=SQLPanel HTTP/1.1" 200 20835
2020-03-18 06:30:50 basehttp.log_message: "GET /vote/login HTTP/1.1" 301 0
2020-03-18 06:30:54 basehttp.log_message: "GET /vote/login/ HTTP/1.1" 200 10528
2020-03-18 06:31:06 basehttp.log_message: "GET /vote/captcha/ HTTP/1.1" 200 7107
2020-03-18 06:31:11 basehttp.log_message: "GET /__debug__/render_panel/?store_id=1c600aaf3bb349adb38f12c7cd2638ab&panel_id=SQLPanel HTTP/1.1" 200 21254
2020-03-18 06:31:43 basehttp.log_message: "POST /vote/login/ HTTP/1.1" 302 0
2020-03-18 06:31:44 basehttp.log_message: "GET /vote/subjects/ HTTP/1.1" 200 9975
2020-03-18 06:31:45 basehttp.log_message: "GET /static/images/hot.png HTTP/1.1" 404 1666
2020-03-18 06:31:48 basehttp.log_message: "GET /__debug__/render_panel/?store_id=4e9a22853746401c8f40e7723236229c&panel_id=SQLPanel HTTP/1.1" 200 31513
2020-03-18 06:32:27 basehttp.log_message: "GET /vote/subjects/teachers/?sno=20 HTTP/1.1" 200 11474
2020-03-18 06:32:32 basehttp.log_message: "GET /__debug__/render_panel/?store_id=307d8d68e60541749081e2e8777e6cc7&panel_id=SQLPanel HTTP/1.1" 200 30297
2020-03-18 06:32:41 basehttp.log_message: "GET /vote/subjects/teachers/praise/?tno=1 HTTP/1.1" 200 49
2020-03-18 06:33:28 basehttp.log_message: "GET /vote/echart/ HTTP/1.1" 200 11061
2020-03-18 06:33:29 basehttp.log_message: "GET /vote/teachers_data/ HTTP/1.1" 200 59
2020-03-18 06:33:32 basehttp.log_message: "GET /__debug__/render_panel/?store_id=f48999bc51f94a4bb8057ecc33e7637d&panel_id=SQLPanel HTTP/1.1" 200 16952
2020-03-18 07:12:03 log.log_response: Not Found: /
2020-03-18 07:12:03 basehttp.log_message: "GET / HTTP/1.1" 404 11587
2020-03-18 07:12:06 basehttp.log_message: "GET /static/debug_toolbar/css/print.css HTTP/1.1" 304 0
2020-03-18 07:12:07 basehttp.log_message: "GET /static/debug_toolbar/css/toolbar.css HTTP/1.1" 304 0
2020-03-18 07:12:07 basehttp.log_message: "GET /static/debug_toolbar/js/toolbar.js HTTP/1.1" 304 0
2020-03-18 07:12:07 basehttp.log_message: "GET /static/debug_toolbar/img/ajax-loader.gif HTTP/1.1" 304 0
2020-03-18 07:12:09 log.log_response: Not Found: /favicon.ico
2020-03-18 07:12:09 basehttp.log_message: "GET /favicon.ico HTTP/1.1" 404 11636
2020-03-18 07:12:20 basehttp.log_message: "GET /vote/subjects/ HTTP/1.1" 200 9976
2020-03-18 07:12:21 basehttp.log_message: "GET /static/images/hot.png HTTP/1.1" 404 1666
2020-03-18 07:12:26 basehttp.log_message: "GET /vote/subjects/teachers/?sno=20 HTTP/1.1" 200 11556
2020-03-18 07:12:31 basehttp.log_message: "GET /vote/logout/ HTTP/1.1" 302 0
2020-03-18 07:12:32 basehttp.log_message: "GET /vote/subjects/ HTTP/1.1" 200 9958
2020-03-18 07:12:32 basehttp.log_message: "GET /static/images/hot.png HTTP/1.1" 404 1666
2020-03-18 07:12:34 basehttp.log_message: "GET /vote/subjects/teachers/?sno=20 HTTP/1.1" 200 11539
2020-03-18 07:12:36 basehttp.log_message: "GET /vote/subjects/teachers/praise/?tno=1 HTTP/1.1" 200 52
2020-03-18 07:12:36 basehttp.log_message: "GET /vote/login/?backurl=http://127.0.0.1:8000/vote/subjects/teachers/?sno=20 HTTP/1.1" 200 10525
2020-03-18 07:12:39 basehttp.log_message: "GET /vote/captcha/ HTTP/1.1" 200 6050
2020-03-18 07:13:42 basehttp.log_message: "POST /vote/login/ HTTP/1.1" 302 0
2020-03-18 07:13:42 basehttp.log_message: "GET /vote/subjects/ HTTP/1.1" 200 9973
2020-03-18 07:13:42 basehttp.log_message: "GET /static/images/hot.png HTTP/1.1" 404 1666
2020-03-18 07:14:34 basehttp.log_message: "GET /vote/logout/ HTTP/1.1" 302 0
2020-03-18 07:14:34 basehttp.log_message: "GET /vote/subjects/ HTTP/1.1" 200 9957
2020-03-18 07:14:34 basehttp.log_message: "GET /static/images/hot.png HTTP/1.1" 404 1666
2020-03-18 07:14:37 basehttp.log_message: "GET /vote/subjects/teachers/?sno=20 HTTP/1.1" 200 11540
2020-03-18 07:14:39 basehttp.log_message: "GET /vote/subjects/teachers/praise/?tno=1 HTTP/1.1" 200 52
2020-03-18 07:14:39 basehttp.log_message: "GET /vote/login/?backurl=http://127.0.0.1:8000/vote/subjects/teachers/?sno=20 HTTP/1.1" 200 10525
2020-03-18 07:15:01 basehttp.log_message: "GET /vote/captcha/ HTTP/1.1" 200 8537
2020-03-18 07:15:13 basehttp.log_message: "POST /vote/login/ HTTP/1.1" 302 0
2020-03-18 07:15:14 basehttp.log_message: "GET /vote/subjects/ HTTP/1.1" 200 9972
2020-03-18 07:15:14 basehttp.log_message: "GET /static/images/hot.png HTTP/1.1" 404 1666
2020-03-18 07:19:58 basehttp.log_message: "GET /vote/subjects/teachers/?sno=20 HTTP/1.1" 200 11557
2020-03-18 07:20:08 basehttp.log_message: "GET /vote/subjects/teachers/praise/?tno=1 HTTP/1.1" 200 49
2020-03-18 07:20:13 basehttp.log_message: "GET /vote/logout/ HTTP/1.1" 302 0
2020-03-18 07:20:13 basehttp.log_message: "GET /vote/subjects/ HTTP/1.1" 200 9957
2020-03-18 07:20:14 basehttp.log_message: "GET /static/images/hot.png HTTP/1.1" 404 1666
2020-03-18 07:20:16 basehttp.log_message: "GET /vote/subjects/teachers/?sno=20 HTTP/1.1" 200 11540
2020-03-18 07:20:18 basehttp.log_message: "GET /vote/subjects/teachers/praise/?tno=1 HTTP/1.1" 200 52
2020-03-18 07:20:18 basehttp.log_message: "GET /vote/login/?backurl=http://127.0.0.1:8000/vote/subjects/teachers/?sno=20 HTTP/1.1" 200 10526
2020-03-18 07:20:19 basehttp.log_message: "GET /vote/captcha/ HTTP/1.1" 200 5364
2020-03-18 07:20:31 basehttp.log_message: "POST /vote/login/ HTTP/1.1" 302 0
2020-03-18 07:20:31 log.log_response: Not Found: /
2020-03-18 07:20:31 basehttp.log_message: "GET / HTTP/1.1" 404 11585
2020-03-18 07:33:34 basehttp.log_message: "GET /vote/subjects/ HTTP/1.1" 200 9975
2020-03-18 07:33:34 basehttp.log_message: "GET /static/images/hot.png HTTP/1.1" 404 1666
2020-03-18 07:33:34 basehttp.log_message: "GET /static/debug_toolbar/js/toolbar.js HTTP/1.1" 304 0
2020-03-18 07:33:34 basehttp.log_message: "GET /static/debug_toolbar/css/toolbar.css HTTP/1.1" 304 0
2020-03-18 07:33:34 basehttp.log_message: "GET /static/debug_toolbar/css/print.css HTTP/1.1" 304 0
2020-03-18 07:33:34 basehttp.log_message: "GET /static/debug_toolbar/img/ajax-loader.gif HTTP/1.1" 304 0
2020-03-18 07:33:36 basehttp.log_message: "GET /vote/logout/ HTTP/1.1" 302 0
2020-03-18 07:33:36 basehttp.log_message: "GET /vote/subjects/ HTTP/1.1" 200 9958
2020-03-18 07:33:36 basehttp.log_message: "GET /static/images/hot.png HTTP/1.1" 404 1666
2020-03-18 07:33:38 basehttp.log_message: "GET /vote/subjects/teachers/?sno=20 HTTP/1.1" 200 11539
2020-03-18 07:33:52 basehttp.log_message: "GET /vote/subjects/teachers/praise/?tno=1 HTTP/1.1" 200 52
2020-03-18 07:33:53 basehttp.log_message: "GET /vote/login/?backurl=http://127.0.0.1:8000/vote/subjects/teachers/?sno=20 HTTP/1.1" 200 10525
2020-03-18 07:33:54 basehttp.log_message: "GET /vote/captcha/ HTTP/1.1" 200 7522
2020-03-18 07:34:03 basehttp.log_message: "POST /vote/login/ HTTP/1.1" 200 10552
2020-03-18 07:34:04 basehttp.log_message: "GET /vote/captcha/ HTTP/1.1" 200 5292
2020-03-18 07:34:08 basehttp.log_message: "GET /vote/subjects/teachers/?sno=20 HTTP/1.1" 200 11540
2020-03-18 07:34:10 basehttp.log_message: "GET /vote/subjects/teachers/?sno=20 HTTP/1.1" 200 11539
2020-03-18 07:34:10 basehttp.log_message: "GET /static/debug_toolbar/css/toolbar.css HTTP/1.1" 304 0
2020-03-18 07:34:10 basehttp.log_message: "GET /static/debug_toolbar/js/toolbar.js HTTP/1.1" 304 0
2020-03-18 07:34:10 basehttp.log_message: "GET /static/debug_toolbar/css/print.css HTTP/1.1" 304 0
2020-03-18 07:34:10 basehttp.log_message: "GET /static/images/180 HTTP/1.1" 304 0
2020-03-18 07:34:11 basehttp.log_message: "GET /static/debug_toolbar/img/ajax-loader.gif HTTP/1.1" 304 0
2020-03-18 07:34:12 basehttp.log_message: "GET /vote/subjects/teachers/praise/?tno=1 HTTP/1.1" 200 52
2020-03-18 07:34:12 basehttp.log_message: "GET /vote/login/?backurl=http://127.0.0.1:8000/vote/subjects/teachers/?sno=20 HTTP/1.1" 200 10525
2020-03-18 07:34:13 basehttp.log_message: "GET /vote/captcha/ HTTP/1.1" 200 6316
2020-03-18 07:34:20 basehttp.log_message: "POST /vote/login/ HTTP/1.1" 200 10552
2020-03-18 07:34:21 basehttp.log_message: "GET /vote/captcha/ HTTP/1.1" 200 6154
2020-03-18 07:34:28 basehttp.log_message: "GET /vote/subjects/teachers/?sno=20 HTTP/1.1" 200 11539
2020-03-18 07:34:28 basehttp.log_message: "GET /static/debug_toolbar/css/toolbar.css HTTP/1.1" 304 0
2020-03-18 07:34:28 basehttp.log_message: "GET /static/debug_toolbar/js/toolbar.js HTTP/1.1" 304 0
2020-03-18 07:34:28 basehttp.log_message: "GET /static/debug_toolbar/css/print.css HTTP/1.1" 304 0
2020-03-18 07:34:28 basehttp.log_message: "GET /static/images/180 HTTP/1.1" 304 0
2020-03-18 07:34:28 basehttp.log_message: "GET /static/debug_toolbar/img/ajax-loader.gif HTTP/1.1" 304 0
2020-03-18 07:34:30 basehttp.log_message: "GET /vote/subjects/teachers/praise/?tno=1 HTTP/1.1" 200 52
2020-03-18 07:34:30 basehttp.log_message: "GET /vote/login/?backurl=http://127.0.0.1:8000/vote/subjects/teachers/?sno=20 HTTP/1.1" 200 10525
2020-03-18 07:34:31 basehttp.log_message: "GET /vote/captcha/ HTTP/1.1" 200 5896
2020-03-18 07:34:42 basehttp.log_message: "POST /vote/login/ HTTP/1.1" 302 0
2020-03-18 07:34:43 basehttp.log_message: "GET /vote/subjects/ HTTP/1.1" 200 9973
2020-03-18 07:34:43 basehttp.log_message: "GET /static/images/hot.png HTTP/1.1" 404 1666
2020-03-18 07:37:40 basehttp.log_message: "GET /vote/subjects/teachers/?sno=20 HTTP/1.1" 200 11555
2020-03-18 07:37:43 basehttp.log_message: "GET /vote/logout/ HTTP/1.1" 302 0
2020-03-18 07:37:44 basehttp.log_message: "GET /vote/subjects/ HTTP/1.1" 200 9958
2020-03-18 07:37:44 basehttp.log_message: "GET /static/images/hot.png HTTP/1.1" 404 1666
2020-03-18 07:37:45 basehttp.log_message: "GET /vote/subjects/teachers/?sno=20 HTTP/1.1" 200 11539
2020-03-18 07:37:47 basehttp.log_message: "GET /vote/subjects/teachers/praise/?tno=1 HTTP/1.1" 200 52
2020-03-18 07:37:48 basehttp.log_message: "GET /vote/login/?backurl=http://127.0.0.1:8000/vote/subjects/teachers/?sno=20 HTTP/1.1" 200 10526
2020-03-18 07:37:48 basehttp.log_message: "GET /vote/captcha/ HTTP/1.1" 200 6964
2020-03-18 07:38:00 basehttp.log_message: "POST /vote/login/ HTTP/1.1" 302 0
2020-03-18 07:38:00 basehttp.log_message: "GET /vote/subjects/ HTTP/1.1" 200 9973
2020-03-18 07:38:00 basehttp.log_message: "GET /static/images/hot.png HTTP/1.1" 404 1666
2020-03-18 07:38:44 basehttp.log_message: "GET /vote/subjects/teachers/?sno=20 HTTP/1.1" 200 11554
2020-03-18 07:42:12 basehttp.log_message: "GET /admin/ HTTP/1.1" 302 0
2020-03-18 07:42:19 basehttp.log_message: "GET /admin/login/?next=/admin/ HTTP/1.1" 200 11186
2020-03-18 07:42:20 basehttp.log_message: "GET /static/admin/css/base.css HTTP/1.1" 200 16225
2020-03-18 07:42:20 basehttp.log_message: "GET /static/debug_toolbar/js/toolbar.js HTTP/1.1" 200 12791
2020-03-18 07:42:20 basehttp.log_message: "GET /static/debug_toolbar/css/toolbar.css HTTP/1.1" 200 14984
2020-03-18 07:42:20 basehttp.log_message: "GET /static/admin/css/fonts.css HTTP/1.1" 200 423
2020-03-18 07:42:20 basehttp.log_message: "GET /static/debug_toolbar/css/print.css HTTP/1.1" 200 41
2020-03-18 07:42:20 basehttp.log_message: "GET /static/admin/css/responsive.css HTTP/1.1" 200 17976
2020-03-18 07:42:20 basehttp.log_message: "GET /static/admin/css/login.css HTTP/1.1" 200 1203
2020-03-18 07:42:20 basehttp.log_message: "GET /static/debug_toolbar/img/ajax-loader.gif HTTP/1.1" 200 404
2020-03-18 07:42:29 basehttp.log_message: "GET /static/admin/fonts/Roboto-Regular-webfont.woff HTTP/1.1" 200 80304
2020-03-18 07:42:29 basehttp.log_message: "GET /static/admin/fonts/Roboto-Light-webfont.woff HTTP/1.1" 200 81348
2020-03-18 08:23:02 basehttp.log_message: "GET /vote/login/?backurl=http://127.0.0.1:8000/vote/subjects/teachers/?sno=20 HTTP/1.1" 200 10528
2020-03-18 08:23:03 basehttp.log_message: "GET /static/debug_toolbar/css/print.css HTTP/1.1" 304 0
2020-03-18 08:23:03 basehttp.log_message: "GET /static/debug_toolbar/css/toolbar.css HTTP/1.1" 304 0
2020-03-18 08:23:03 basehttp.log_message: "GET /static/debug_toolbar/img/ajax-loader.gif HTTP/1.1" 304 0
2020-03-18 08:23:03 basehttp.log_message: "GET /vote/captcha HTTP/1.1" 301 0
2020-03-18 08:23:03 basehttp.log_message: "GET /static/debug_toolbar/js/toolbar.js HTTP/1.1" 304 0
2020-03-18 08:23:04 basehttp.log_message: "GET /vote/captcha/ HTTP/1.1" 200 7639
2020-03-18 08:23:15 basehttp.log_message: "POST /vote/login/ HTTP/1.1" 302 0
2020-03-18 08:23:15 basehttp.log_message: "GET /vote/subjects/ HTTP/1.1" 200 9973
2020-03-18 08:23:15 basehttp.log_message: "GET /static/images/hot.png HTTP/1.1" 404 1666
2020-03-18 08:23:22 basehttp.log_message: "GET /vote/logout/ HTTP/1.1" 302 0
2020-03-18 08:23:23 basehttp.log_message: "GET /vote/subjects/ HTTP/1.1" 200 9958
2020-03-18 08:23:23 basehttp.log_message: "GET /static/images/hot.png HTTP/1.1" 404 1666
2020-03-18 08:23:25 basehttp.log_message: "GET /vote/subjects/teachers/?sno=20 HTTP/1.1" 200 11539
2020-03-18 08:23:28 basehttp.log_message: "GET /vote/subjects/teachers/praise/?tno=1 HTTP/1.1" 200 49
2020-03-18 08:27:34 basehttp.log_message: "GET /vote/subjects/teachers/?sno=20 HTTP/1.1" 200 11540
2020-03-18 08:27:34 basehttp.log_message: "GET /static/debug_toolbar/css/print.css HTTP/1.1" 304 0
2020-03-18 08:27:34 basehttp.log_message: "GET /static/debug_toolbar/js/toolbar.js HTTP/1.1" 304 0
2020-03-18 08:27:34 basehttp.log_message: "GET /static/debug_toolbar/css/toolbar.css HTTP/1.1" 304 0
2020-03-18 08:27:34 basehttp.log_message: "GET /static/images/180 HTTP/1.1" 304 0
2020-03-18 08:27:34 basehttp.log_message: "GET /static/debug_toolbar/img/ajax-loader.gif HTTP/1.1" 304 0
2020-03-18 08:27:36 basehttp.log_message: "GET /vote/subjects/teachers/praise/?tno=1 HTTP/1.1" 200 52
2020-03-18 08:27:37 basehttp.log_message: "GET /vote/login/?backurl=http://127.0.0.1:8000/vote/subjects/teachers/?sno=20 HTTP/1.1" 200 10526
2020-03-18 08:27:38 basehttp.log_message: "GET /vote/captcha/ HTTP/1.1" 200 4724
2020-03-18 08:27:57 basehttp.log_message: "GET /vote/echart HTTP/1.1" 301 0
2020-03-18 08:27:57 basehttp.log_message: "GET /vote/echart/ HTTP/1.1" 200 105
2020-03-18 08:28:39 basehttp.log_message: "GET /vote/teachers_data/ HTTP/1.1" 302 0
2020-03-18 08:28:39 basehttp.log_message: "GET /vote/login/?backurl=/vote/teachers_data/ HTTP/1.1" 200 10526
2020-03-18 08:28:40 basehttp.log_message: "GET /vote/captcha/ HTTP/1.1" 200 5370
2020-03-18 08:31:01 basehttp.log_message: "GET /vote/echart/ HTTP/1.1" 200 11046
2020-03-18 08:31:02 basehttp.log_message: "GET /vote/teachers_data/ HTTP/1.1" 302 0
2020-03-18 08:31:03 basehttp.log_message: "GET /vote/login/?backurl=/vote/teachers_data/ HTTP/1.1" 200 10525
2020-03-18 08:32:00 basehttp.log_message: "GET /vote/echart/ HTTP/1.1" 302 0
2020-03-18 08:32:01 basehttp.log_message: "GET /vote/login/?backurl=/vote/echart/ HTTP/1.1" 200 10525
2020-03-18 08:32:01 basehttp.log_message: "GET /static/debug_toolbar/css/print.css HTTP/1.1" 304 0
2020-03-18 08:32:01 basehttp.log_message: "GET /static/debug_toolbar/js/toolbar.js HTTP/1.1" 304 0
2020-03-18 08:32:01 basehttp.log_message: "GET /static/debug_toolbar/css/toolbar.css HTTP/1.1" 304 0
2020-03-18 08:32:01 basehttp.log_message: "GET /vote/captcha HTTP/1.1" 301 0
2020-03-18 08:32:01 basehttp.log_message: "GET /static/debug_toolbar/img/ajax-loader.gif HTTP/1.1" 304 0
2020-03-18 08:32:02 basehttp.log_message: "GET /vote/captcha/ HTTP/1.1" 200 7168
2020-03-18 08:59:42 basehttp.log_message: "GET /vote/subjects/teachers/?sno=20 HTTP/1.1" 200 11541
2020-03-18 08:59:48 basehttp.log_message: "GET /vote/subjects/teachers/praise/?tno=1 HTTP/1.1" 200 52
2020-03-18 08:59:48 basehttp.log_message: "GET /vote/login/?backurl=http://127.0.0.1:8000/vote/subjects/teachers/?sno=20 HTTP/1.1" 302 0
2020-03-18 08:59:48 basehttp.log_message: "GET /vote/subjects/teachers/?sno=20 HTTP/1.1" 200 11540
2020-03-18 08:59:48 basehttp.log_message: "GET /static/debug_toolbar/css/print.css HTTP/1.1" 304 0
2020-03-18 08:59:48 basehttp.log_message: "GET /static/debug_toolbar/js/toolbar.js HTTP/1.1" 304 0
2020-03-18 08:59:49 basehttp.log_message: "GET /static/debug_toolbar/css/toolbar.css HTTP/1.1" 304 0
2020-03-18 08:59:49 basehttp.log_message: "GET /static/debug_toolbar/img/ajax-loader.gif HTTP/1.1" 304 0
2020-03-18 08:59:52 basehttp.log_message: "GET /vote/subjects/teachers/?sno=20 HTTP/1.1" 200 11541
2020-03-18 08:59:53 basehttp.log_message: "GET /static/debug_toolbar/css/print.css HTTP/1.1" 304 0
2020-03-18 08:59:53 basehttp.log_message: "GET /static/debug_toolbar/css/toolbar.css HTTP/1.1" 304 0
2020-03-18 08:59:53 basehttp.log_message: "GET /static/debug_toolbar/js/toolbar.js HTTP/1.1" 304 0
2020-03-18 08:59:53 basehttp.log_message: "GET /static/images/180 HTTP/1.1" 304 0
2020-03-18 08:59:53 basehttp.log_message: "GET /static/debug_toolbar/img/ajax-loader.gif HTTP/1.1" 304 0
2020-03-18 08:59:55 basehttp.log_message: "GET /vote/subjects/teachers/praise/?tno=1 HTTP/1.1" 200 52
2020-03-18 08:59:55 basehttp.log_message: "GET /vote/login/?backurl=http://127.0.0.1:8000/vote/subjects/teachers/?sno=20 HTTP/1.1" 302 0
2020-03-18 08:59:56 basehttp.log_message: "GET /vote/subjects/teachers/?sno=20 HTTP/1.1" 200 11539
2020-03-18 09:00:10 basehttp.log_message: "GET /vote/subjects/ HTTP/1.1" 200 9958
2020-03-18 09:00:10 basehttp.log_message: "GET /static/images/hot.png HTTP/1.1" 404 1666
2020-03-18 09:00:12 basehttp.log_message: "GET /vote/subjects/teachers/?sno=20 HTTP/1.1" 200 11539
2020-03-18 09:00:14 basehttp.log_message: "GET /vote/subjects/teachers/praise/?tno=1 HTTP/1.1" 200 52
2020-03-18 09:00:14 basehttp.log_message: "GET /vote/login/?backurl=http://127.0.0.1:8000/vote/subjects/teachers/?sno=20 HTTP/1.1" 302 0
2020-03-18 09:00:15 basehttp.log_message: "GET /vote/subjects/teachers/?sno=20 HTTP/1.1" 200 11541
2020-03-18 09:01:54 basehttp.log_message: "GET /vote/subjects HTTP/1.1" 301 0
2020-03-18 09:01:54 basehttp.log_message: "GET /vote/subjects/ HTTP/1.1" 200 9959
2020-03-18 09:01:54 basehttp.log_message: "GET /static/images/hot.png HTTP/1.1" 404 1666
2020-03-18 09:01:57 basehttp.log_message: "GET /vote/subjects/teachers/?sno=20 HTTP/1.1" 200 11540
2020-03-18 09:01:59 basehttp.log_message: "GET /vote/subjects/teachers/praise/?tno=1 HTTP/1.1" 200 52
2020-03-18 09:01:59 basehttp.log_message: "GET /vote/login/?backurl=http://127.0.0.1:8000/vote/subjects/teachers/?sno=20 HTTP/1.1" 302 0
2020-03-18 09:01:59 basehttp.log_message: "GET /vote/subjects/teachers/?sno=20 HTTP/1.1" 200 11539
2020-03-18 09:08:01 basehttp.log_message: "GET /vote/subjects/teachers/?sno=20 HTTP/1.1" 200 11540
2020-03-18 09:08:02 basehttp.log_message: "GET /static/debug_toolbar/css/print.css HTTP/1.1" 304 0
2020-03-18 09:08:02 basehttp.log_message: "GET /static/debug_toolbar/css/toolbar.css HTTP/1.1" 304 0
2020-03-18 09:08:02 basehttp.log_message: "GET /static/debug_toolbar/js/toolbar.js HTTP/1.1" 304 0
2020-03-18 09:08:02 basehttp.log_message: "GET /static/images/180 HTTP/1.1" 304 0
2020-03-18 09:08:02 basehttp.log_message: "GET /static/debug_toolbar/img/ajax-loader.gif HTTP/1.1" 304 0
2020-03-18 09:08:03 basehttp.log_message: "GET /vote/subjects/teachers/praise/?tno=1 HTTP/1.1" 200 52
2020-03-18 09:08:04 basehttp.log_message: "GET /vote/login/?backurl=http://127.0.0.1:8000/vote/subjects/teachers/?sno=20 HTTP/1.1" 200 10526
2020-03-18 09:08:04 basehttp.log_message: "GET /vote/captcha/ HTTP/1.1" 200 5755
2020-03-18 09:46:36 basehttp.log_message: "GET /vote/login/?backurl=http://127.0.0.1:8000/vote/subjects/teachers/?sno=20 HTTP/1.1" 200 10527
2020-03-18 09:46:36 basehttp.log_message: "GET /static/debug_toolbar/css/print.css HTTP/1.1" 304 0
2020-03-18 09:46:36 basehttp.log_message: "GET /static/debug_toolbar/js/toolbar.js HTTP/1.1" 304 0
2020-03-18 09:46:36 basehttp.log_message: "GET /static/debug_toolbar/css/toolbar.css HTTP/1.1" 304 0
2020-03-18 09:46:36 basehttp.log_message: "GET /vote/captcha HTTP/1.1" 301 0
2020-03-18 09:46:36 basehttp.log_message: "GET /static/debug_toolbar/img/ajax-loader.gif HTTP/1.1" 304 0
2020-03-18 09:46:37 basehttp.log_message: "GET /vote/captcha/ HTTP/1.1" 200 5498
2020-03-18 09:46:52 basehttp.log_message: "GET /vote/subjects/ HTTP/1.1" 200 9957
2020-03-18 09:46:52 basehttp.log_message: "GET /static/images/hot.png HTTP/1.1" 404 1666
2020-03-18 09:46:55 basehttp.log_message: "GET /vote/subjects/teachers/?sno=20 HTTP/1.1" 200 11539
2020-03-18 09:46:56 basehttp.log_message: "GET /vote/subjects/teachers/praise/?tno=1 HTTP/1.1" 200 52
2020-03-18 09:46:57 basehttp.log_message: "GET /vote/login/?backurl=http://127.0.0.1:8000/vote/subjects/teachers/?sno=20 HTTP/1.1" 200 10525
2020-03-18 09:46:57 basehttp.log_message: "GET /vote/captcha/ HTTP/1.1" 200 6407
2020-03-18 09:47:11 basehttp.log_message: "POST /vote/login/ HTTP/1.1" 302 0
2020-03-18 09:47:11 basehttp.log_message: "GET /vote/subjects/ HTTP/1.1" 200 9972
2020-03-18 09:47:11 basehttp.log_message: "GET /static/images/hot.png HTTP/1.1" 404 1666
2020-03-18 09:49:46 basehttp.log_message: "GET /vote/subjects/ HTTP/1.1" 200 9974
2020-03-18 09:49:46 basehttp.log_message: "GET /static/images/hot.png HTTP/1.1" 404 1666
2020-03-18 09:49:48 basehttp.log_message: "GET /vote/subjects/teachers/?sno=20 HTTP/1.1" 200 11555
2020-03-18 09:49:50 basehttp.log_message: "GET /vote/subjects/teachers/praise/?tno=1 HTTP/1.1" 200 49
2020-03-18 09:49:54 basehttp.log_message: "GET /vote/logout/ HTTP/1.1" 302 0
2020-03-18 09:49:55 basehttp.log_message: "GET /vote/subjects/ HTTP/1.1" 200 9958
2020-03-18 09:49:55 basehttp.log_message: "GET /static/images/hot.png HTTP/1.1" 404 1666
2020-03-18 09:49:57 basehttp.log_message: "GET /vote/subjects/teachers/?sno=20 HTTP/1.1" 200 11539
2020-03-18 09:49:59 basehttp.log_message: "GET /vote/subjects/teachers/praise/?tno=1 HTTP/1.1" 200 52
2020-03-18 09:49:59 basehttp.log_message: "GET /vote/login/?backurl=http://127.0.0.1:8000/vote/subjects/teachers/?sno=20 HTTP/1.1" 200 10525
2020-03-18 09:50:00 basehttp.log_message: "GET /vote/captcha/ HTTP/1.1" 200 8008
2020-03-18 09:50:12 basehttp.log_message: "POST /vote/login/ HTTP/1.1" 200 10552
2020-03-18 09:50:12 basehttp.log_message: "GET /vote/captcha/ HTTP/1.1" 200 9122
2020-03-18 09:50:58 basehttp.log_message: "GET /vote/subjects/ HTTP/1.1" 200 9958
2020-03-18 09:50:59 basehttp.log_message: "GET /static/images/hot.png HTTP/1.1" 404 1666
2020-03-18 09:51:00 basehttp.log_message: "GET /vote/subjects/teachers/?sno=20 HTTP/1.1" 200 11539
2020-03-18 09:51:02 basehttp.log_message: "GET /vote/subjects/teachers/praise/?tno=1 HTTP/1.1" 200 52
2020-03-18 09:51:02 basehttp.log_message: "GET /vote/login/?backurl=http://127.0.0.1:8000/vote/subjects/teachers/?sno=20 HTTP/1.1" 200 10525
2020-03-18 09:51:02 basehttp.log_message: "GET /vote/captcha/ HTTP/1.1" 200 9043
2020-03-18 09:51:17 basehttp.log_message: "POST /vote/login/ HTTP/1.1" 302 0
2020-03-18 09:51:18 basehttp.log_message: "GET /vote/subjects/ HTTP/1.1" 200 9973
2020-03-18 09:51:18 basehttp.log_message: "GET /static/images/hot.png HTTP/1.1" 404 1666
2020-03-18 10:16:50 basehttp.log_message: "GET /vote/logout/ HTTP/1.1" 302 0
2020-03-18 10:16:51 basehttp.log_message: "GET /vote/subjects/ HTTP/1.1" 200 9957
2020-03-18 10:16:51 basehttp.log_message: "GET /static/images/hot.png HTTP/1.1" 404 1666
2020-03-18 10:16:51 basehttp.log_message: "GET /static/debug_toolbar/js/toolbar.js HTTP/1.1" 304 0
2020-03-18 10:16:51 basehttp.log_message: "GET /static/debug_toolbar/css/toolbar.css HTTP/1.1" 304 0
2020-03-18 10:16:51 basehttp.log_message: "GET /static/debug_toolbar/css/print.css HTTP/1.1" 304 0
2020-03-18 10:16:51 basehttp.log_message: "GET /static/debug_toolbar/img/ajax-loader.gif HTTP/1.1" 304 0
2020-03-18 10:16:53 basehttp.log_message: "GET /vote/subjects/teachers/?sno=20 HTTP/1.1" 200 11539
2020-03-18 10:16:56 basehttp.log_message: "GET /vote/subjects/teachers/praise/?tno=1 HTTP/1.1" 200 52
2020-03-18 10:16:57 basehttp.log_message: "GET /vote/login/?backurl=http://127.0.0.1:8000/vote/subjects/teachers/?sno=20 HTTP/1.1" 200 10758
2020-03-18 10:16:58 basehttp.log_message: "GET /vote/captcha/ HTTP/1.1" 200 5566
2020-03-18 10:17:08 basehttp.log_message: "GET /vote/subjects/teachers/?sno=20 HTTP/1.1" 200 11539
2020-03-18 10:17:10 basehttp.log_message: "GET /vote/subjects/teachers/praise/?tno=1 HTTP/1.1" 200 52
2020-03-18 10:17:10 basehttp.log_message: "GET /vote/login/?backurl=http://127.0.0.1:8000/vote/subjects/teachers/?sno=20 HTTP/1.1" 200 10758
2020-03-18 10:17:11 basehttp.log_message: "GET /vote/captcha/ HTTP/1.1" 200 5673
2020-03-18 10:17:48 log.log_response: Not Found: /vote/login/maintain()
2020-03-18 10:17:48 basehttp.log_message: "POST /vote/login/maintain() HTTP/1.1" 404 13546
2020-03-18 11:15:28 basehttp.log_message: "GET /vote/subjects/ HTTP/1.1" 200 9961
2020-03-18 11:15:28 basehttp.log_message: "GET /static/images/hot.png HTTP/1.1" 404 1666
2020-03-18 11:15:28 basehttp.log_message: "GET /static/debug_toolbar/js/toolbar.js HTTP/1.1" 304 0
2020-03-18 11:15:28 basehttp.log_message: "GET /static/debug_toolbar/css/toolbar.css HTTP/1.1" 304 0
2020-03-18 11:15:28 basehttp.log_message: "GET /static/debug_toolbar/css/print.css HTTP/1.1" 304 0
2020-03-18 11:15:28 basehttp.log_message: "GET /static/debug_toolbar/img/ajax-loader.gif HTTP/1.1" 304 0
2020-03-18 11:15:31 basehttp.log_message: "GET /vote/subjects/teachers/?sno=20 HTTP/1.1" 200 11540
2020-03-18 11:15:33 basehttp.log_message: "GET /vote/subjects/teachers/praise/?tno=1 HTTP/1.1" 200 52
2020-03-18 11:15:33 basehttp.log_message: "GET /vote/login/?backurl=http://127.0.0.1:8000/vote/subjects/teachers/?sno=20 HTTP/1.1" 200 10964
2020-03-18 11:15:34 basehttp.log_message: "GET /vote/captcha/ HTTP/1.1" 200 5285
2020-03-18 11:17:54 basehttp.log_message: "GET /vote/subjects/teachers/praise/?tno=1 HTTP/1.1" 200 52
2020-03-18 11:17:55 basehttp.log_message: "GET /vote/login/?backurl=http://127.0.0.1:8000/vote/subjects/teachers/?sno=20 HTTP/1.1" 200 10965
2020-03-18 11:17:56 basehttp.log_message: "GET /vote/captcha/ HTTP/1.1" 200 6945
2020-03-18 11:19:17 basehttp.log_message: "GET /vote/subjects/ HTTP/1.1" 200 9959
2020-03-18 11:19:17 basehttp.log_message: "GET /static/images/hot.png HTTP/1.1" 404 1666
2020-03-18 11:19:20 basehttp.log_message: "GET /vote/subjects/teachers/?sno=20 HTTP/1.1" 200 11541
2020-03-18 11:19:22 basehttp.log_message: "GET /vote/subjects/teachers/praise/?tno=1 HTTP/1.1" 200 52
2020-03-18 11:19:22 basehttp.log_message: "GET /vote/login/?backurl=http://127.0.0.1:8000/vote/subjects/teachers/?sno=20 HTTP/1.1" 200 10964
2020-03-18 11:19:23 basehttp.log_message: "GET /vote/captcha/ HTTP/1.1" 200 7876
2020-03-18 11:22:23 basehttp.log_message: "GET /vote/subjects/ HTTP/1.1" 200 9960
2020-03-18 11:22:23 basehttp.log_message: "GET /static/images/hot.png HTTP/1.1" 404 1666
2020-03-18 11:22:27 basehttp.log_message: "GET /vote/subjects/teachers/?sno=20 HTTP/1.1" 200 11541
2020-03-18 11:22:29 basehttp.log_message: "GET /vote/subjects/teachers/praise/?tno=1 HTTP/1.1" 200 52
2020-03-18 11:22:30 basehttp.log_message: "GET /vote/login/?backurl=http://127.0.0.1:8000/vote/subjects/teachers/?sno=20 HTTP/1.1" 200 10979
2020-03-18 11:22:30 basehttp.log_message: "GET /vote/captcha/ HTTP/1.1" 200 9548
2020-03-18 11:22:43 basehttp.log_message: "POST /vote/login/?backurl=http: HTTP/1.1" 302 0
2020-03-18 11:22:43 basehttp.log_message: "GET /vote/login/?backurl=http: HTTP/1.1" 200 10979
2020-03-18 11:22:44 basehttp.log_message: "GET /vote/captcha/ HTTP/1.1" 200 6004
2020-03-18 11:38:29 basehttp.log_message: "GET /vote/login/?backurl=http://127.0.0.1:8000/vote/subjects/teachers/?sno=20 HTTP/1.1" 200 11158
2020-03-18 11:38:30 basehttp.log_message: "GET /static/debug_toolbar/css/print.css HTTP/1.1" 304 0
2020-03-18 11:38:30 basehttp.log_message: "GET /static/debug_toolbar/css/toolbar.css HTTP/1.1" 304 0
2020-03-18 11:38:30 basehttp.log_message: "GET /vote/captcha HTTP/1.1" 301 0
2020-03-18 11:38:30 basehttp.log_message: "GET /static/debug_toolbar/js/toolbar.js HTTP/1.1" 304 0
2020-03-18 11:38:30 basehttp.log_message: "GET /static/debug_toolbar/img/ajax-loader.gif HTTP/1.1" 304 0
2020-03-18 11:38:31 basehttp.log_message: "GET /vote/captcha/ HTTP/1.1" 200 6356
2020-03-18 11:38:38 basehttp.log_message: "GET /vote/login/?backurl=http://127.0.0.1:8000/vote/subjects/teachers/?sno=20 HTTP/1.1" 200 11156
2020-03-18 11:38:38 basehttp.log_message: "GET /static/debug_toolbar/css/print.css HTTP/1.1" 304 0
2020-03-18 11:38:38 basehttp.log_message: "GET /static/debug_toolbar/css/toolbar.css HTTP/1.1" 304 0
2020-03-18 11:38:38 basehttp.log_message: "GET /static/debug_toolbar/js/toolbar.js HTTP/1.1" 304 0
2020-03-18 11:38:38 basehttp.log_message: "GET /vote/captcha HTTP/1.1" 301 0
2020-03-18 11:38:39 basehttp.log_message: "GET /static/debug_toolbar/img/ajax-loader.gif HTTP/1.1" 304 0
2020-03-18 11:38:39 basehttp.log_message: "GET /vote/captcha/ HTTP/1.1" 200 5934
2020-03-18 11:38:53 basehttp.log_message: "POST /vote/subjects/teachers/?sno=20 HTTP/1.1" 200 11556
2020-03-18 11:39:03 basehttp.log_message: "GET /vote/subjects/teachers/praise/?tno=1 HTTP/1.1" 200 49
2020-03-18 11:39:07 basehttp.log_message: "GET /vote/logout/ HTTP/1.1" 302 0
2020-03-18 11:39:07 basehttp.log_message: "GET /vote/subjects/ HTTP/1.1" 200 9957
2020-03-18 11:39:08 basehttp.log_message: "GET /static/images/hot.png HTTP/1.1" 404 1666
2020-03-18 11:39:52 basehttp.log_message: "GET /vote/echart/ HTTP/1.1" 302 0
2020-03-18 11:39:53 basehttp.log_message: "GET /vote/login/?backurl=/vote/echart/ HTTP/1.1" 200 11156
2020-03-18 11:39:53 basehttp.log_message: "GET /vote/captcha/ HTTP/1.1" 200 5029
2020-03-18 11:43:23 basehttp.log_message: "GET /vote/login/?backurl=/vote/echart/ HTTP/1.1" 200 11156
2020-03-18 11:43:23 basehttp.log_message: "GET /static/debug_toolbar/css/print.css HTTP/1.1" 304 0
2020-03-18 11:43:23 basehttp.log_message: "GET /static/debug_toolbar/css/toolbar.css HTTP/1.1" 304 0
2020-03-18 11:43:23 basehttp.log_message: "GET /vote/captcha HTTP/1.1" 301 0
2020-03-18 11:43:23 basehttp.log_message: "GET /static/debug_toolbar/js/toolbar.js HTTP/1.1" 304 0
2020-03-18 11:43:23 basehttp.log_message: "GET /static/debug_toolbar/img/ajax-loader.gif HTTP/1.1" 304 0
2020-03-18 11:43:23 basehttp.log_message: "GET /vote/captcha/ HTTP/1.1" 200 5644
2020-03-18 11:43:35 basehttp.log_message: "POST /vote/login/?backurl=/vote/echart/ HTTP/1.1" 302 0
2020-03-18 11:43:35 basehttp.log_message: "GET /vote/echart/ HTTP/1.1" 200 11059
2020-03-18 11:43:36 basehttp.log_message: "GET /vote/teachers_data/ HTTP/1.1" 302 0
2020-03-18 11:43:36 basehttp.log_message: "GET /vote/login/?backurl=/vote/teachers_data/ HTTP/1.1" 200 11156
2020-03-18 11:44:00 basehttp.log_message: "GET /vote/echart/ HTTP/1.1" 200 11060
2020-03-18 11:44:00 basehttp.log_message: "GET /static/debug_toolbar/css/print.css HTTP/1.1" 304 0
2020-03-18 11:44:00 basehttp.log_message: "GET /static/debug_toolbar/css/toolbar.css HTTP/1.1" 304 0
2020-03-18 11:44:00 basehttp.log_message: "GET /static/debug_toolbar/js/toolbar.js HTTP/1.1" 304 0
2020-03-18 11:44:01 basehttp.log_message: "GET /vote/teachers_data/ HTTP/1.1" 302 0
2020-03-18 11:44:01 basehttp.log_message: "GET /static/debug_toolbar/img/ajax-loader.gif HTTP/1.1" 304 0
2020-03-18 11:44:01 basehttp.log_message: "GET /vote/login/?backurl=/vote/teachers_data/ HTTP/1.1" 200 11156
2020-03-18 12:06:58 basehttp.log_message: "GET /vote/teachers_data/ HTTP/1.1" 200 59
2020-03-18 12:07:16 basehttp.log_message: "GET /vote/echart/ HTTP/1.1" 200 11060
2020-03-18 12:07:17 basehttp.log_message: "GET /vote/teachers_data/ HTTP/1.1" 302 0
2020-03-18 12:07:17 basehttp.log_message: "GET /vote/login/?backurl=/vote/teachers_data/ HTTP/1.1" 200 11157
2020-03-18 12:09:51 basehttp.log_message: "GET /vote/echart/ HTTP/1.1" 200 11061
2020-03-18 12:09:51 basehttp.log_message: "GET /static/debug_toolbar/css/print.css HTTP/1.1" 304 0
2020-03-18 12:09:51 basehttp.log_message: "GET /static/debug_toolbar/js/toolbar.js HTTP/1.1" 304 0
2020-03-18 12:09:51 basehttp.log_message: "GET /static/debug_toolbar/css/toolbar.css HTTP/1.1" 304 0
2020-03-18 12:09:52 basehttp.log_message: "GET /vote/teachers_data/ HTTP/1.1" 302 0
2020-03-18 12:09:52 basehttp.log_message: "GET /static/debug_toolbar/img/ajax-loader.gif HTTP/1.1" 304 0
2020-03-18 12:09:53 basehttp.log_message: "GET /vote/login/?backurl=/vote/teachers_data/ HTTP/1.1" 200 11158
2020-03-18 12:10:41 basehttp.log_message: "GET /static/debug_toolbar/img/djdt_vertical.png HTTP/1.1" 200 882
2020-03-18 12:10:44 basehttp.log_message: "GET /vote/echart/ HTTP/1.1" 200 11060
2020-03-18 12:10:46 basehttp.log_message: "GET /static/debug_toolbar/css/print.css HTTP/1.1" 304 0
2020-03-18 12:10:46 basehttp.log_message: "GET /static/debug_toolbar/css/toolbar.css HTTP/1.1" 304 0
2020-03-18 12:10:46 basehttp.log_message: "GET /static/debug_toolbar/js/toolbar.js HTTP/1.1" 304 0
2020-03-18 12:10:47 basehttp.log_message: "GET /vote/teachers_data/ HTTP/1.1" 302 0
2020-03-18 12:10:47 basehttp.log_message: "GET /static/debug_toolbar/img/ajax-loader.gif HTTP/1.1" 304 0
2020-03-18 12:10:47 basehttp.log_message: "GET /static/debug_toolbar/img/djdt_vertical.png HTTP/1.1" 304 0
2020-03-18 12:10:49 basehttp.log_message: "GET /vote/login/?backurl=/vote/teachers_data/ HTTP/1.1" 200 11158
2020-03-18 12:18:57 basehttp.log_message: "GET /vote/echart/ HTTP/1.1" 200 11063
2020-03-18 12:18:57 basehttp.log_message: "GET /static/debug_toolbar/css/print.css HTTP/1.1" 304 0
2020-03-18 12:18:57 basehttp.log_message: "GET /static/debug_toolbar/js/toolbar.js HTTP/1.1" 304 0
2020-03-18 12:18:57 basehttp.log_message: "GET /static/debug_toolbar/css/toolbar.css HTTP/1.1" 304 0
2020-03-18 12:18:58 basehttp.log_message: "GET /static/debug_toolbar/img/ajax-loader.gif HTTP/1.1" 304 0
2020-03-18 12:18:58 basehttp.log_message: "GET /static/debug_toolbar/img/djdt_vertical.png HTTP/1.1" 304 0
2020-03-18 12:18:59 basehttp.log_message: "GET /vote/teachers_data/ HTTP/1.1" 200 59
2020-03-18 12:20:25 basehttp.log_message: "GET /vote/logout/ HTTP/1.1" 302 0
2020-03-18 12:20:25 basehttp.log_message: "GET /vote/subjects/ HTTP/1.1" 200 9958
2020-03-18 12:20:26 basehttp.log_message: "GET /static/images/hot.png HTTP/1.1" 404 1666
2020-03-18 12:20:31 basehttp.log_message: "GET /vote/register/ HTTP/1.1" 200 10486
2020-03-18 12:20:39 basehttp.log_message: "POST /vote/register/ HTTP/1.1" 200 10516
2020-03-18 12:20:44 basehttp.log_message: "GET /vote/login/ HTTP/1.1" 200 11157
2020-03-18 12:20:45 basehttp.log_message: "GET /vote/captcha/ HTTP/1.1" 200 6200
2020-03-18 12:20:56 basehttp.log_message: "GET /vote/subjects/teachers/?sno=20 HTTP/1.1" 200 11542
2020-03-18 12:21:01 basehttp.log_message: "GET /vote/subjects/teachers/?sno=20 HTTP/1.1" 200 11540
2020-03-18 12:21:03 basehttp.log_message: "GET /vote/subjects/teachers/praise/?tno=1 HTTP/1.1" 200 52
2020-03-18 12:21:04 basehttp.log_message: "GET /vote/login/?backurl=http://127.0.0.1:8000/vote/subjects/teachers/?sno=20 HTTP/1.1" 200 11156
2020-03-18 12:21:04 basehttp.log_message: "GET /vote/captcha/ HTTP/1.1" 200 7473
2020-03-18 12:21:22 basehttp.log_message: "POST /vote/subjects/teachers/?sno=20 HTTP/1.1" 200 11541
2020-03-18 12:21:24 basehttp.log_message: "GET /vote/subjects/teachers/praise/?tno=1 HTTP/1.1" 200 52
2020-03-18 12:21:24 basehttp.log_message: "GET /vote/login/?backurl=http://127.0.0.1:8000/vote/subjects/teachers/?sno=20 HTTP/1.1" 200 11156
2020-03-18 12:21:25 basehttp.log_message: "GET /vote/captcha/ HTTP/1.1" 200 7205
2020-03-18 12:21:30 basehttp.log_message: "GET /vote/subjects/teachers/?sno=20 HTTP/1.1" 200 11540
2020-03-18 12:21:31 basehttp.log_message: "GET /vote/subjects/ HTTP/1.1" 200 9958
2020-03-18 12:21:33 basehttp.log_message: "GET /vote/subjects/teachers/?sno=20 HTTP/1.1" 200 11540
2020-03-18 12:21:35 basehttp.log_message: "GET /vote/login/ HTTP/1.1" 200 11156
2020-03-18 12:21:35 basehttp.log_message: "GET /vote/captcha/ HTTP/1.1" 200 5930
2020-03-18 12:21:47 basehttp.log_message: "POST /vote/login/ HTTP/1.1" 200 11181
2020-03-18 12:21:47 basehttp.log_message: "GET /vote/captcha/ HTTP/1.1" 200 7977
2020-03-18 12:22:06 basehttp.log_message: "POST /vote/login/ HTTP/1.1" 302 0
2020-03-18 12:22:06 basehttp.log_message: "GET /vote/login/ HTTP/1.1" 200 11157
2020-03-18 12:22:07 basehttp.log_message: "GET /vote/captcha/ HTTP/1.1" 200 7473
2020-03-18 12:22:18 basehttp.log_message: "POST /vote/login/ HTTP/1.1" 302 0
2020-03-18 12:22:18 basehttp.log_message: "GET /vote/login/ HTTP/1.1" 200 11156
2020-03-18 12:22:18 basehttp.log_message: "GET /vote/captcha/ HTTP/1.1" 200 5642
2020-03-18 12:22:32 basehttp.log_message: "GET /vote/echart/ HTTP/1.1" 200 11059
2020-03-18 12:24:41 basehttp.log_message: "GET /vote/register/ HTTP/1.1" 200 10488
2020-03-18 12:24:57 basehttp.log_message: "POST /vote/register/ HTTP/1.1" 200 10519
2020-03-18 12:25:55 basehttp.log_message: "POST /vote/register/ HTTP/1.1" 200 10517
2020-03-18 12:26:26 basehttp.log_message: "POST /vote/register/ HTTP/1.1" 200 11184
2020-03-18 12:26:27 basehttp.log_message: "GET /vote/captcha/ HTTP/1.1" 200 7069
2020-03-18 12:26:33 basehttp.log_message: "POST /vote/register/ HTTP/1.1" 200 10516
2020-03-18 12:27:00 basehttp.log_message: "POST /vote/register/ HTTP/1.1" 200 10516
2020-03-18 12:27:07 basehttp.log_message: "GET /vote/login/ HTTP/1.1" 200 11156
2020-03-18 12:27:08 basehttp.log_message: "GET /vote/captcha/ HTTP/1.1" 200 9914
2020-03-18 12:27:19 basehttp.log_message: "POST /vote/login/ HTTP/1.1" 302 0
2020-03-18 12:27:19 basehttp.log_message: "GET /vote/subjects/ HTTP/1.1" 200 9971
2020-03-18 12:27:19 basehttp.log_message: "GET /static/images/hot.png HTTP/1.1" 404 1666
2020-03-18 12:27:23 basehttp.log_message: "GET /vote/subjects/teachers/?sno=20 HTTP/1.1" 200 11553
2020-03-18 12:27:25 basehttp.log_message: "GET /vote/subjects/teachers/praise/?tno=1 HTTP/1.1" 200 49
2020-03-18 12:27:28 basehttp.log_message: "GET /vote/subjects/teachers/praise/?tno=1 HTTP/1.1" 200 49
2020-03-18 12:27:31 basehttp.log_message: "GET /vote/subjects/teachers/praise/?tno=1 HTTP/1.1" 200 49
2020-03-18 12:27:34 basehttp.log_message: "GET /vote/subjects/teachers/criticize/?tno=1 HTTP/1.1" 200 49
2020-03-18 12:27:37 basehttp.log_message: "GET /vote/subjects/teachers/criticize/?tno=1 HTTP/1.1" 200 49
2020-03-18 12:27:45 basehttp.log_message: "GET /vote/register/ HTTP/1.1" 200 10486
2020-03-18 12:27:58 basehttp.log_message: "GET /vote/logout/ HTTP/1.1" 302 0
2020-03-18 12:27:58 basehttp.log_message: "GET /vote/subjects/ HTTP/1.1" 200 9958
2020-03-18 12:27:58 basehttp.log_message: "GET /static/images/hot.png HTTP/1.1" 404 1666
2020-03-18 12:28:04 basehttp.log_message: "GET /vote/subjects/teachers/?sno=20 HTTP/1.1" 200 11541
2020-03-18 12:28:07 basehttp.log_message: "GET /vote/subjects/teachers/praise/?tno=1 HTTP/1.1" 200 52
2020-03-18 12:28:07 basehttp.log_message: "GET /vote/login/?backurl=http://127.0.0.1:8000/vote/subjects/teachers/?sno=20 HTTP/1.1" 200 11156
2020-03-18 12:28:07 basehttp.log_message: "GET /vote/captcha/ HTTP/1.1" 200 6655
2020-03-18 12:28:12 basehttp.log_message: "GET /vote/subjects/teachers/?sno=20 HTTP/1.1" 200 11540
2020-03-18 12:28:27 basehttp.log_message: "GET /vote/echart/ HTTP/1.1" 302 0
2020-03-18 12:28:27 basehttp.log_message: "GET /vote/login/?backurl=/vote/echart/ HTTP/1.1" 200 11156
2020-03-18 12:28:28 basehttp.log_message: "GET /static/debug_toolbar/css/print.css HTTP/1.1" 304 0
2020-03-18 12:28:28 basehttp.log_message: "GET /static/debug_toolbar/js/toolbar.js HTTP/1.1" 304 0
2020-03-18 12:28:28 basehttp.log_message: "GET /static/debug_toolbar/css/toolbar.css HTTP/1.1" 304 0
2020-03-18 12:28:28 basehttp.log_message: "GET /vote/captcha HTTP/1.1" 301 0
2020-03-18 12:28:28 basehttp.log_message: "GET /static/debug_toolbar/img/ajax-loader.gif HTTP/1.1" 304 0
2020-03-18 12:28:28 basehttp.log_message: "GET /static/debug_toolbar/img/djdt_vertical.png HTTP/1.1" 304 0
2020-03-18 12:28:28 basehttp.log_message: "GET /vote/captcha/ HTTP/1.1" 200 5906
2020-03-18 12:28:41 basehttp.log_message: "POST /vote/login/?backurl=/vote/echart/ HTTP/1.1" 302 0
2020-03-18 12:28:42 basehttp.log_message: "GET /vote/echart/ HTTP/1.1" 200 11057
2020-03-18 12:28:42 basehttp.log_message: "GET /vote/teachers_data/ HTTP/1.1" 200 59
2020-03-18 12:29:04 basehttp.log_message: "GET /vote/logout/ HTTP/1.1" 302 0
2020-03-18 12:29:04 basehttp.log_message: "GET /vote/subjects/ HTTP/1.1" 200 9958
2020-03-18 12:29:04 basehttp.log_message: "GET /static/images/hot.png HTTP/1.1" 404 1666
2020-03-18 12:29:08 basehttp.log_message: "GET /vote/subjects/teachers/?sno=20 HTTP/1.1" 200 11539
2020-03-18 12:29:11 basehttp.log_message: "GET /vote/subjects/teachers/praise/?tno=1 HTTP/1.1" 200 52
2020-03-18 12:29:11 basehttp.log_message: "GET /vote/login/?backurl=http://127.0.0.1:8000/vote/subjects/teachers/?sno=20 HTTP/1.1" 200 11156
2020-03-18 12:29:11 basehttp.log_message: "GET /vote/captcha/ HTTP/1.1" 200 5917
2020-03-18 12:29:31 basehttp.log_message: "POST /vote/subjects/teachers/?sno=20 HTTP/1.1" 200 11540
2020-03-18 12:29:39 basehttp.log_message: "GET /vote/login/ HTTP/1.1" 200 11156
2020-03-18 12:29:40 basehttp.log_message: "GET /vote/captcha/ HTTP/1.1" 200 6439
2020-03-18 12:29:53 basehttp.log_message: "POST /vote/login/ HTTP/1.1" 200 11183
2020-03-18 12:29:53 basehttp.log_message: "GET /vote/captcha/ HTTP/1.1" 200 5849
2020-03-18 12:30:02 basehttp.log_message: "POST /vote/login/ HTTP/1.1" 302 0
2020-03-18 12:30:02 basehttp.log_message: "GET /vote/subjects/ HTTP/1.1" 200 9970
2020-03-18 12:30:02 basehttp.log_message: "GET /static/images/hot.png HTTP/1.1" 404 1666
2020-03-18 12:30:06 basehttp.log_message: "GET /vote/subjects/teachers/?sno=20 HTTP/1.1" 200 11552
2020-03-18 12:30:38 basehttp.log_message: "GET /vote/echart/ HTTP/1.1" 200 11058
2020-03-18 12:30:39 basehttp.log_message: "GET /vote/teachers_data/ HTTP/1.1" 200 59
2020-03-18 12:30:43 basehttp.log_message: "GET /vote/excel/ HTTP/1.1" 200 5632
2020-03-18 12:32:22 basehttp.log_message: "GET /vote/subjects/ HTTP/1.1" 200 9972
2020-03-18 12:32:22 basehttp.log_message: "GET /static/images/hot.png HTTP/1.1" 404 1666
2020-03-18 12:32:34 basehttp.log_message: "GET /admin/ HTTP/1.1" 302 0
2020-03-18 12:32:34 basehttp.log_message: "GET /admin/login/?next=/admin/ HTTP/1.1" 200 11183
2020-03-18 12:32:35 basehttp.log_message: "GET /static/admin/css/login.css HTTP/1.1" 200 1203
2020-03-18 12:32:35 basehttp.log_message: "GET /static/admin/css/responsive.css HTTP/1.1" 200 8192
2020-03-18 12:32:35 basehttp.log_message: "GET /static/admin/fonts/Roboto-Regular-webfont.woff HTTP/1.1" 200 8192
2020-03-18 12:32:35 basehttp.log_message: "GET /static/admin/fonts/Roboto-Light-webfont.woff HTTP/1.1" 200 81348
2020-03-18 12:32:40 basehttp.log_message: "POST /admin/login/?next=/admin/ HTTP/1.1" 302 0
2020-03-18 12:32:41 basehttp.log_message: "GET /admin/ HTTP/1.1" 200 17947
2020-03-18 12:32:41 basehttp.log_message: "GET /static/admin/css/dashboard.css HTTP/1.1" 200 412
2020-03-18 12:32:41 basehttp.log_message: "GET /static/admin/img/icon-addlink.svg HTTP/1.1" 200 331
2020-03-18 12:32:41 basehttp.log_message: "GET /static/admin/img/icon-changelink.svg HTTP/1.1" 200 380
2020-03-18 12:32:42 basehttp.log_message: "GET /static/admin/fonts/Roboto-Bold-webfont.woff HTTP/1.1" 200 82564
2020-03-18 12:32:48 basehttp.log_message: "GET /admin/vote/subject/ HTTP/1.1" 200 14603
2020-03-18 12:32:48 basehttp.log_message: "GET /static/admin/css/changelists.css HTTP/1.1" 200 6170
2020-03-18 12:32:48 basehttp.log_message: "GET /static/admin/js/jquery.init.js HTTP/1.1" 200 363
2020-03-18 12:32:48 basehttp.log_message: "GET /static/admin/js/vendor/jquery/jquery.js HTTP/1.1" 304 0
2020-03-18 12:32:48 basehttp.log_message: "GET /static/admin/js/core.js HTTP/1.1" 304 0
2020-03-18 12:32:48 basehttp.log_message: "GET /static/admin/js/admin/RelatedObjectLookups.js HTTP/1.1" 304 0
2020-03-18 12:32:48 basehttp.log_message: "GET /static/admin/js/actions.js HTTP/1.1" 304 0
2020-03-18 12:32:48 basehttp.log_message: "GET /static/admin/js/urlify.js HTTP/1.1" 304 0
2020-03-18 12:32:48 basehttp.log_message: "GET /static/admin/js/prepopulate.js HTTP/1.1" 304 0
2020-03-18 12:32:49 basehttp.log_message: "GET /static/admin/js/vendor/xregexp/xregexp.js HTTP/1.1" 304 0
2020-03-18 12:32:49 basehttp.log_message: "GET /admin/jsi18n/ HTTP/1.1" 200 3185
2020-03-18 12:32:49 basehttp.log_message: "GET /static/admin/img/icon-yes.svg HTTP/1.1" 200 436
2020-03-18 12:32:49 basehttp.log_message: "GET /static/admin/img/tooltag-add.svg HTTP/1.1" 200 331
2020-03-18 12:32:49 basehttp.log_message: "GET /static/admin/img/sorting-icons.svg HTTP/1.1" 200 1097
2020-03-18 12:32:55 basehttp.log_message: "GET /admin/ HTTP/1.1" 200 17946
2020-03-18 12:33:01 basehttp.log_message: "GET /admin/vote/user/ HTTP/1.1" 200 14661
2020-03-18 12:33:01 basehttp.log_message: "GET /static/admin/css/changelists.css HTTP/1.1" 304 0
2020-03-18 12:33:01 basehttp.log_message: "GET /static/admin/js/jquery.init.js HTTP/1.1" 304 0
2020-03-18 12:33:01 basehttp.log_message: "GET /admin/jsi18n/ HTTP/1.1" 200 3185
2020-03-18 12:33:01 basehttp.log_message: "GET /static/admin/img/tooltag-add.svg HTTP/1.1" 304 0
2020-03-18 12:33:08 basehttp.log_message: "GET /admin/ HTTP/1.1" 200 17946
2020-03-18 12:33:11 basehttp.log_message: "GET /admin/vote/teacher/ HTTP/1.1" 200 15676
2020-03-18 12:33:11 basehttp.log_message: "GET /admin/jsi18n/ HTTP/1.1" 200 3185
2020-03-18 12:33:20 basehttp.log_message: "GET /admin/ HTTP/1.1" 200 17946
2020-03-18 12:34:27 basehttp.log_message: "GET /admin/login/?next=/admin/ HTTP/1.1" 302 0
2020-03-18 12:34:28 basehttp.log_message: "GET /admin/ HTTP/1.1" 200 17946
2020-03-18 12:34:33 basehttp.log_message: "GET /vote/subjects/teachers/?sno=20 HTTP/1.1" 200 11553
2020-03-18 12:34:34 basehttp.log_message: "GET /vote/logout/ HTTP/1.1" 302 0
2020-03-18 12:34:34 basehttp.log_message: "GET /vote/subjects/ HTTP/1.1" 200 9957
2020-03-18 12:34:34 basehttp.log_message: "GET /static/images/hot.png HTTP/1.1" 404 1666
2020-03-18 12:34:36 basehttp.log_message: "GET /vote/subjects/teachers/?sno=20 HTTP/1.1" 200 11538
2020-03-18 12:34:45 basehttp.log_message: "GET /vote/subjects/teachers/praise/?tno=1 HTTP/1.1" 200 52
2020-03-18 12:34:45 basehttp.log_message: "GET /vote/login/?backurl=http://127.0.0.1:8000/vote/subjects/teachers/?sno=20 HTTP/1.1" 200 11156
2020-03-18 12:34:46 basehttp.log_message: "GET /vote/captcha/ HTTP/1.1" 200 7351
2020-03-18 12:34:56 basehttp.log_message: "GET /vote/subjects/teachers/?sno=20 HTTP/1.1" 200 11538
2020-03-18 12:35:10 basehttp.log_message: "GET /vote/subjects/teachers/praise/?tno=1 HTTP/1.1" 200 52
2020-03-18 12:35:10 basehttp.log_message: "GET /vote/login/?backurl=http://127.0.0.1:8000/vote/subjects/teachers/?sno=20 HTTP/1.1" 200 11156
2020-03-18 12:35:10 basehttp.log_message: "GET /vote/captcha/ HTTP/1.1" 200 5360
2020-03-18 12:35:34 basehttp.log_message: "POST /vote/subjects/teachers/?sno=20 HTTP/1.1" 200 11539
2020-03-18 12:35:52 basehttp.log_message: "GET /vote/subjects/teachers/praise/?tno=1 HTTP/1.1" 200 52
2020-03-18 12:35:52 basehttp.log_message: "GET /vote/login/?backurl=http://127.0.0.1:8000/vote/subjects/teachers/?sno=20 HTTP/1.1" 200 11156
2020-03-18 12:35:53 basehttp.log_message: "GET /vote/captcha/ HTTP/1.1" 200 8936
2020-03-18 12:36:05 basehttp.log_message: "POST /vote/subjects/teachers/?sno=20 HTTP/1.1" 200 11539
2020-03-18 12:36:07 basehttp.log_message: "GET /vote/subjects/teachers/praise/?tno=1 HTTP/1.1" 200 52
2020-03-18 12:36:07 basehttp.log_message: "GET /vote/login/?backurl=http://127.0.0.1:8000/vote/subjects/teachers/?sno=20 HTTP/1.1" 200 11156
2020-03-18 12:36:08 basehttp.log_message: "GET /vote/captcha/ HTTP/1.1" 200 6465
2020-03-18 12:36:19 basehttp.log_message: "POST /vote/subjects/teachers/?sno=20 HTTP/1.1" 200 11539
2020-03-18 12:36:23 basehttp.log_message: "GET /vote/subjects/teachers/praise/?tno=1 HTTP/1.1" 200 52
2020-03-18 12:36:23 basehttp.log_message: "GET /vote/login/?backurl=http://127.0.0.1:8000/vote/subjects/teachers/?sno=20 HTTP/1.1" 200 11156
2020-03-18 12:36:24 basehttp.log_message: "GET /vote/captcha/ HTTP/1.1" 200 7628
2020-03-18 12:36:33 basehttp.log_message: "POST /vote/subjects/teachers/?sno=20 HTTP/1.1" 200 11539
2020-03-18 12:36:36 basehttp.log_message: "GET /vote/subjects/teachers/praise/?tno=1 HTTP/1.1" 200 52
2020-03-18 12:36:36 basehttp.log_message: "GET /vote/login/?backurl=http://127.0.0.1:8000/vote/subjects/teachers/?sno=20 HTTP/1.1" 200 11156
2020-03-18 12:36:36 basehttp.log_message: "GET /vote/captcha/ HTTP/1.1" 200 7219
2020-03-18 12:36:47 basehttp.log_message: "POST /vote/subjects/teachers/?sno=20 HTTP/1.1" 200 11540
2020-03-18 12:37:36 basehttp.log_message: "GET /vote/subjects/teachers/praise/?tno=1 HTTP/1.1" 200 52
2020-03-18 12:37:37 basehttp.log_message: "GET /vote/login/?backurl=http://127.0.0.1:8000/vote/subjects/teachers/?sno=20 HTTP/1.1" 200 11156
2020-03-18 12:37:37 basehttp.log_message: "GET /vote/captcha/ HTTP/1.1" 200 6488
2020-03-18 12:38:00 basehttp.log_message: "POST /vote/subjects/teachers/?sno=20 HTTP/1.1" 200 11539
2020-03-18 12:54:49 basehttp.log_message: "GET /vote/echart/ HTTP/1.1" 302 0
2020-03-18 12:54:50 basehttp.log_message: "GET /vote/login/?backurl=/vote/echart/ HTTP/1.1" 200 11156
2020-03-18 12:54:50 basehttp.log_message: "GET /vote/captcha/ HTTP/1.1" 200 7737
2020-03-18 12:54:54 basehttp.log_message: "POST /vote/login/?backurl=/vote/echart/ HTTP/1.1" 200 11186
2020-03-18 12:54:54 basehttp.log_message: "GET /vote/captcha/ HTTP/1.1" 200 7689
2020-03-18 12:54:56 basehttp.log_message: "POST /vote/login/?backurl=/vote/echart/ HTTP/1.1" 200 11186
2020-03-18 12:54:56 basehttp.log_message: "GET /vote/captcha/ HTTP/1.1" 200 7483
2020-03-18 12:54:58 basehttp.log_message: "POST /vote/login/?backurl=/vote/echart/ HTTP/1.1" 200 11186
2020-03-18 12:54:58 basehttp.log_message: "GET /vote/captcha/ HTTP/1.1" 200 6501
2020-03-18 12:54:59 basehttp.log_message: "POST /vote/login/?backurl=/vote/echart/ HTTP/1.1" 200 11186
2020-03-18 12:55:00 basehttp.log_message: "GET /vote/captcha/ HTTP/1.1" 200 8629
2020-03-18 12:55:21 basehttp.log_message: "POST /vote/login/?backurl=/vote/echart/ HTTP/1.1" 302 0
2020-03-18 12:55:21 basehttp.log_message: "GET /vote/echart/ HTTP/1.1" 200 11060
2020-03-18 12:55:22 basehttp.log_message: "GET /vote/teachers_data/ HTTP/1.1" 200 59
2020-03-18 13:02:31 basehttp.log_message: "GET /vote/logout/ HTTP/1.1" 302 0
2020-03-18 13:02:32 basehttp.log_message: "GET /vote/subjects/ HTTP/1.1" 200 9958
2020-03-18 13:02:32 basehttp.log_message: "GET /static/images/hot.png HTTP/1.1" 404 1666
2020-03-18 13:02:34 basehttp.log_message: "GET /vote/subjects/teachers/?sno=20 HTTP/1.1" 200 11688
2020-03-18 13:02:36 basehttp.log_message: "GET /vote/subjects/teachers/praise/?tno=1 HTTP/1.1" 200 52
2020-03-18 13:02:37 basehttp.log_message: "GET /vote/login/?backurl=/vote/subjects/teachers/?sno=20 HTTP/1.1" 200 11157
2020-03-18 13:02:38 basehttp.log_message: "GET /vote/captcha/ HTTP/1.1" 200 4724
2020-03-18 13:03:27 basehttp.log_message: "POST /vote/login/?backurl=/vote/subjects/teachers/?sno=20 HTTP/1.1" 200 11186
2020-03-18 13:03:28 basehttp.log_message: "GET /vote/captcha/ HTTP/1.1" 200 4278
2020-03-18 13:09:14 basehttp.log_message: "POST /vote/login/?backurl=/vote/subjects/teachers/?sno=20 HTTP/1.1" 200 11186
2020-03-18 13:09:15 basehttp.log_message: "GET /vote/captcha/ HTTP/1.1" 200 7517
2020-03-18 13:09:33 basehttp.log_message: "POST /vote/login/?backurl=/vote/subjects/teachers/?sno=20 HTTP/1.1" 302 0
2020-03-18 13:09:33 basehttp.log_message: "GET /vote/subjects/teachers/?sno=20 HTTP/1.1" 200 11703
2020-03-18 13:10:36 basehttp.log_message: "GET /vote/echart HTTP/1.1" 301 0
2020-03-18 13:10:37 basehttp.log_message: "GET /vote/echart/ HTTP/1.1" 200 11060
2020-03-18 13:10:37 basehttp.log_message: "GET /vote/teachers_data/ HTTP/1.1" 200 59
2020-03-18 13:16:20 basehttp.log_message: "GET /vote/logout/ HTTP/1.1" 302 0
2020-03-18 13:16:21 basehttp.log_message: "GET /vote/subjects/ HTTP/1.1" 200 9957
2020-03-18 13:16:21 basehttp.log_message: "GET /static/images/hot.png HTTP/1.1" 404 1666
2020-03-18 13:16:21 basehttp.log_message: "GET /static/debug_toolbar/js/toolbar.js HTTP/1.1" 304 0
2020-03-18 13:16:21 basehttp.log_message: "GET /static/debug_toolbar/css/toolbar.css HTTP/1.1" 304 0
2020-03-18 13:16:21 basehttp.log_message: "GET /static/debug_toolbar/css/print.css HTTP/1.1" 304 0
2020-03-18 13:16:21 basehttp.log_message: "GET /static/debug_toolbar/img/ajax-loader.gif HTTP/1.1" 304 0
2020-03-18 13:16:21 basehttp.log_message: "GET /static/debug_toolbar/img/djdt_vertical.png HTTP/1.1" 304 0
2020-03-18 13:26:42 basehttp.log_message: "GET /vote/subjects/ HTTP/1.1" 200 9961
2020-03-18 13:26:43 basehttp.log_message: "GET /static/images/hot.png HTTP/1.1" 404 1666
2020-03-18 13:27:59 basehttp.log_message: "GET /vote/subjects/teachers/?sno=20 HTTP/1.1" 200 11688
2020-03-18 13:28:10 basehttp.log_message: "GET /vote/subjects/teachers/criticize/?tno=2 HTTP/1.1" 200 52
2020-03-18 13:28:10 basehttp.log_message: "GET /vote/login/?backurl=/vote/subjects/teachers/?sno=20 HTTP/1.1" 200 11157
2020-03-18 13:28:12 basehttp.log_message: "GET /vote/captcha/ HTTP/1.1" 200 3948
2020-03-18 13:28:26 basehttp.log_message: "POST /vote/login/?backurl=/vote/subjects/teachers/?sno=20 HTTP/1.1" 200 11184
2020-03-18 13:28:27 basehttp.log_message: "GET /vote/captcha/ HTTP/1.1" 200 6547
2020-03-18 13:28:45 basehttp.log_message: "POST /vote/login/?backurl=/vote/subjects/teachers/?sno=20 HTTP/1.1" 302 0
2020-03-18 13:28:45 basehttp.log_message: "GET /vote/subjects/teachers/?sno=20 HTTP/1.1" 200 11703
2020-03-18 13:28:50 basehttp.log_message: "GET /vote/subjects/teachers/praise/?tno=2 HTTP/1.1" 200 49
2020-03-18 13:28:56 basehttp.log_message: "GET /vote/subjects/ HTTP/1.1" 200 9973
2020-03-18 13:28:56 basehttp.log_message: "GET /static/images/hot.png HTTP/1.1" 404 1666
2020-03-18 13:29:01 basehttp.log_message: "GET /static/debug_toolbar/img/indicator.png HTTP/1.1" 200 436
2020-03-18 13:29:01 basehttp.log_message: "GET /static/debug_toolbar/img/close.png HTTP/1.1" 200 498
2020-03-18 13:29:02 basehttp.log_message: "GET /__debug__/render_panel/?store_id=ff54b7746a19479881b7260dd1ee9e1b&panel_id=SQLPanel HTTP/1.1" 200 24564
2020-03-18 13:29:08 basehttp.log_message: "GET /static/debug_toolbar/img/close_hover.png HTTP/1.1" 200 706
2020-03-18 13:29:10 basehttp.log_message: "GET /vote/subjects/teachers/?sno=20 HTTP/1.1" 200 11703
2020-03-18 13:29:14 basehttp.log_message: "GET /__debug__/render_panel/?store_id=b7b2ba0df21d4f55a65b26c81874c50e&panel_id=SQLPanel HTTP/1.1" 200 26434
2020-03-18 13:29:48 basehttp.log_message: "GET /vote/echart/ HTTP/1.1" 200 11059
2020-03-18 13:29:49 basehttp.log_message: "GET /vote/teachers_data/ HTTP/1.1" 200 59
2020-03-18 13:29:54 basehttp.log_message: "GET /__debug__/render_panel/?store_id=c4be34e4f7d7472f8a60095f3c1e58ac&panel_id=SQLPanel HTTP/1.1" 200 9229
2020-03-18 13:30:09 basehttp.log_message: "GET /vote/excel/ HTTP/1.1" 200 5632
2020-03-18 13:30:20 basehttp.log_message: "GET /vote/excel/ HTTP/1.1" 200 5632
2020-03-18 13:31:31 log.log_response: Not Found: /vote/teacher_data/
2020-03-18 13:31:31 basehttp.log_message: "GET /vote/teacher_data/ HTTP/1.1" 404 13536
2020-03-18 13:31:36 basehttp.log_message: "GET /vote/teachers_data/ HTTP/1.1" 200 59
2020-03-19 02:55:17 basehttp.log_message: "GET /vote/jsubjects/ HTTP/1.1" 200 93
2020-03-19 02:55:19 log.log_response: Not Found: /favicon.ico
2020-03-19 02:55:19 basehttp.log_message: "GET /favicon.ico HTTP/1.1" 404 11636
2020-03-19 03:28:00 basehttp.log_message: "GET /vote/jsubjects/ HTTP/1.1" 200 10384
2020-03-19 03:28:00 basehttp.log_message: "GET /static/images/hot.png HTTP/1.1" 404 1666
2020-03-19 03:28:00 basehttp.log_message: "GET /static/debug_toolbar/css/print.css HTTP/1.1" 304 0
2020-03-19 03:28:00 basehttp.log_message: "GET /static/debug_toolbar/css/toolbar.css HTTP/1.1" 304 0
2020-03-19 03:28:00 basehttp.log_message: "GET /static/debug_toolbar/img/ajax-loader.gif HTTP/1.1" 304 0
2020-03-19 03:28:00 basehttp.log_message: "GET /static/debug_toolbar/js/toolbar.js HTTP/1.1" 304 0
2020-03-19 03:28:01 basehttp.log_message: "GET /vote/jssubjects/ HTTP/1.1" 200 92
2020-03-19 03:28:02 basehttp.log_message: "GET /static/images/hot.png HTTP/1.1" 404 1666
2020-03-19 03:28:35 basehttp.log_message: "GET /vote/jsubjects/ HTTP/1.1" 200 10382
2020-03-19 03:28:35 basehttp.log_message: "GET /static/debug_toolbar/css/print.css HTTP/1.1" 304 0
2020-03-19 03:28:35 basehttp.log_message: "GET /static/images/hot.png HTTP/1.1" 404 1666
2020-03-19 03:28:35 basehttp.log_message: "GET /static/debug_toolbar/js/toolbar.js HTTP/1.1" 304 0
2020-03-19 03:28:35 basehttp.log_message: "GET /static/debug_toolbar/css/toolbar.css HTTP/1.1" 304 0
2020-03-19 03:28:35 basehttp.log_message: "GET /static/debug_toolbar/img/ajax-loader.gif HTTP/1.1" 304 0
2020-03-19 03:28:35 basehttp.log_message: "GET /vote/jssubjects/ HTTP/1.1" 200 92
2020-03-19 03:28:35 basehttp.log_message: "GET /static/images/hot.png HTTP/1.1" 404 1666
2020-03-19 03:28:44 basehttp.log_message: "GET /vote/jsubjects/ HTTP/1.1" 200 10385
2020-03-19 03:28:44 basehttp.log_message: "GET /static/images/hot.png HTTP/1.1" 404 1666
2020-03-19 03:28:44 basehttp.log_message: "GET /static/debug_toolbar/css/print.css HTTP/1.1" 304 0
2020-03-19 03:28:44 basehttp.log_message: "GET /static/debug_toolbar/js/toolbar.js HTTP/1.1" 304 0
2020-03-19 03:28:45 basehttp.log_message: "GET /static/debug_toolbar/css/toolbar.css HTTP/1.1" 304 0
2020-03-19 03:28:46 basehttp.log_message: "GET /static/debug_toolbar/img/ajax-loader.gif HTTP/1.1" 304 0
2020-03-19 03:28:47 basehttp.log_message: "GET /vote/jssubjects/ HTTP/1.1" 200 92
2020-03-19 03:28:47 basehttp.log_message: "GET /static/images/hot.png HTTP/1.1" 404 1666
2020-03-19 03:32:23 basehttp.log_message: "GET /vote/jsubjects/ HTTP/1.1" 200 10379
2020-03-19 03:32:23 basehttp.log_message: "GET /static/debug_toolbar/css/print.css HTTP/1.1" 304 0
2020-03-19 03:32:23 basehttp.log_message: "GET /static/debug_toolbar/css/toolbar.css HTTP/1.1" 304 0
2020-03-19 03:32:23 basehttp.log_message: "GET /static/debug_toolbar/js/toolbar.js HTTP/1.1" 304 0
2020-03-19 03:32:23 basehttp.log_message: "GET /static/images/180 HTTP/1.1" 304 0
2020-03-19 03:32:25 basehttp.log_message: "GET /static/debug_toolbar/img/ajax-loader.gif HTTP/1.1" 304 0
2020-03-19 03:32:25 basehttp.log_message: "GET /vote/jssubjects/ HTTP/1.1" 200 92
2020-03-19 03:33:18 basehttp.log_message: "GET /vote/jsubjects/ HTTP/1.1" 200 10376
2020-03-19 03:33:18 basehttp.log_message: "GET /static/debug_toolbar/css/print.css HTTP/1.1" 304 0
2020-03-19 03:33:18 basehttp.log_message: "GET /static/debug_toolbar/css/toolbar.css HTTP/1.1" 304 0
2020-03-19 03:33:18 basehttp.log_message: "GET /static/debug_toolbar/js/toolbar.js HTTP/1.1" 304 0
2020-03-19 03:33:18 basehttp.log_message: "GET /static/images/180 HTTP/1.1" 304 0
2020-03-19 03:33:19 basehttp.log_message: "GET /static/debug_toolbar/img/ajax-loader.gif HTTP/1.1" 304 0
2020-03-19 03:33:19 basehttp.log_message: "GET /vote/jssubjects/ HTTP/1.1" 200 92
2020-03-19 03:35:41 basehttp.log_message: "GET /vote/jsubjects/ HTTP/1.1" 200 10373
2020-03-19 03:35:41 basehttp.log_message: "GET /static/debug_toolbar/css/print.css HTTP/1.1" 304 0
2020-03-19 03:35:41 basehttp.log_message: "GET /static/debug_toolbar/js/toolbar.js HTTP/1.1" 304 0
2020-03-19 03:35:41 basehttp.log_message: "GET /static/debug_toolbar/css/toolbar.css HTTP/1.1" 304 0
2020-03-19 03:35:41 basehttp.log_message: "GET /static/images/180 HTTP/1.1" 304 0
2020-03-19 03:35:42 basehttp.log_message: "GET /static/debug_toolbar/img/ajax-loader.gif HTTP/1.1" 304 0
2020-03-19 03:35:42 basehttp.log_message: "GET /vote/jssubjects/ HTTP/1.1" 200 92
2020-03-19 03:40:41 basehttp.log_message: "GET /vote/jsubjects/ HTTP/1.1" 200 10380
2020-03-19 03:40:41 basehttp.log_message: "GET /static/debug_toolbar/css/print.css HTTP/1.1" 304 0
2020-03-19 03:40:42 basehttp.log_message: "GET /static/debug_toolbar/js/toolbar.js HTTP/1.1" 304 0
2020-03-19 03:40:42 basehttp.log_message: "GET /static/debug_toolbar/css/toolbar.css HTTP/1.1" 304 0
2020-03-19 03:40:42 basehttp.log_message: "GET /static/images/180 HTTP/1.1" 304 0
2020-03-19 03:40:42 basehttp.log_message: "GET /static/debug_toolbar/img/ajax-loader.gif HTTP/1.1" 304 0
2020-03-19 03:40:42 basehttp.log_message: "GET /vote/jssubjects/ HTTP/1.1" 200 92
2020-03-19 03:42:08 basehttp.log_message: "GET /vote/jsubjects/ HTTP/1.1" 200 10368
2020-03-19 03:42:08 basehttp.log_message: "GET /static/debug_toolbar/css/print.css HTTP/1.1" 304 0
2020-03-19 03:42:08 basehttp.log_message: "GET /static/debug_toolbar/js/toolbar.js HTTP/1.1" 304 0
2020-03-19 03:42:08 basehttp.log_message: "GET /static/debug_toolbar/css/toolbar.css HTTP/1.1" 304 0
2020-03-19 03:42:08 basehttp.log_message: "GET /static/images/180 HTTP/1.1" 304 0
2020-03-19 03:42:09 basehttp.log_message: "GET /static/debug_toolbar/img/ajax-loader.gif HTTP/1.1" 304 0
2020-03-19 03:42:10 basehttp.log_message: "GET /vote/jssubjects/ HTTP/1.1" 200 92
2020-03-19 03:42:33 basehttp.log_message: "GET /static/debug_toolbar/img/close.png HTTP/1.1" 304 0
2020-03-19 03:42:33 basehttp.log_message: "GET /static/debug_toolbar/img/indicator.png HTTP/1.1" 304 0
2020-03-19 03:42:34 basehttp.log_message: "GET /__debug__/render_panel/?store_id=373b719c109c497e894f51102331ce55&panel_id=SQLPanel HTTP/1.1" 200 25100
2020-03-19 03:42:41 basehttp.log_message: "GET /static/debug_toolbar/img/close_hover.png HTTP/1.1" 304 0
2020-03-19 03:43:32 basehttp.log_message: "GET /vote/jssubjects/ HTTP/1.1" 200 92
2020-03-19 06:24:44 basehttp.log_message: "GET /vote/jsubjects/ HTTP/1.1" 200 10486
2020-03-19 06:25:48 basehttp.log_message: "GET /vote/jsubjects/ HTTP/1.1" 200 10483
2020-03-19 06:25:53 basehttp.log_message: "GET /static/debug_toolbar/css/print.css HTTP/1.1" 304 0
2020-03-19 06:25:53 basehttp.log_message: "GET /static/debug_toolbar/css/toolbar.css HTTP/1.1" 304 0
2020-03-19 06:25:53 basehttp.log_message: "GET /static/debug_toolbar/js/toolbar.js HTTP/1.1" 304 0
2020-03-19 06:25:53 basehttp.log_message: "GET /static/debug_toolbar/img/ajax-loader.gif HTTP/1.1" 304 0
2020-03-19 06:25:54 basehttp.log_message: "GET /vote/jssubjects/ HTTP/1.1" 200 92
2020-03-19 06:29:48 basehttp.log_message: "GET /vote/jsubjects/ HTTP/1.1" 200 10486
2020-03-19 06:29:48 basehttp.log_message: "GET /static/debug_toolbar/css/print.css HTTP/1.1" 304 0
2020-03-19 06:29:48 basehttp.log_message: "GET /static/debug_toolbar/js/toolbar.js HTTP/1.1" 304 0
2020-03-19 06:29:48 basehttp.log_message: "GET /static/debug_toolbar/css/toolbar.css HTTP/1.1" 304 0
2020-03-19 06:29:48 basehttp.log_message: "GET /static/images/180 HTTP/1.1" 304 0
2020-03-19 06:29:49 basehttp.log_message: "GET /static/debug_toolbar/img/ajax-loader.gif HTTP/1.1" 304 0
2020-03-19 06:29:49 basehttp.log_message: "GET /vote/jssubjects/ HTTP/1.1" 200 63
2020-03-19 06:31:09 basehttp.log_message: "GET /vote/jssubjects/ HTTP/1.1" 200 63
2020-03-19 06:36:57 basehttp.log_message: "GET /vote/jsubjects/ HTTP/1.1" 200 10461
2020-03-19 06:36:57 basehttp.log_message: "GET /static/debug_toolbar/css/print.css HTTP/1.1" 304 0
2020-03-19 06:36:57 basehttp.log_message: "GET /static/debug_toolbar/js/toolbar.js HTTP/1.1" 304 0
2020-03-19 06:36:57 basehttp.log_message: "GET /static/debug_toolbar/css/toolbar.css HTTP/1.1" 304 0
2020-03-19 06:36:58 basehttp.log_message: "GET /static/images/180 HTTP/1.1" 304 0
2020-03-19 06:36:58 basehttp.log_message: "GET /static/debug_toolbar/img/ajax-loader.gif HTTP/1.1" 304 0
2020-03-19 06:36:58 basehttp.log_message: "GET /vote/jssubjects/ HTTP/1.1" 200 63
2020-03-19 06:53:20 basehttp.log_message: "GET /vote/jsubjects/ HTTP/1.1" 200 10483
2020-03-19 06:53:20 basehttp.log_message: "GET /static/debug_toolbar/css/print.css HTTP/1.1" 304 0
2020-03-19 06:53:20 basehttp.log_message: "GET /static/debug_toolbar/css/toolbar.css HTTP/1.1" 304 0
2020-03-19 06:53:20 basehttp.log_message: "GET /static/debug_toolbar/js/toolbar.js HTTP/1.1" 304 0
2020-03-19 06:53:22 basehttp.log_message: "GET /static/debug_toolbar/img/ajax-loader.gif HTTP/1.1" 304 0
2020-03-19 06:53:22 basehttp.log_message: "GET /static/images/180 HTTP/1.1" 304 0
2020-03-19 06:53:23 basehttp.log_message: "GET /vote/jssubjects/ HTTP/1.1" 200 63
2020-03-19 07:02:01 basehttp.log_message: "GET /vote/jsubjects/ HTTP/1.1" 200 10462
2020-03-19 07:02:01 basehttp.log_message: "GET /static/debug_toolbar/css/print.css HTTP/1.1" 304 0
2020-03-19 07:02:01 basehttp.log_message: "GET /static/debug_toolbar/js/toolbar.js HTTP/1.1" 304 0
2020-03-19 07:02:01 basehttp.log_message: "GET /static/debug_toolbar/css/toolbar.css HTTP/1.1" 304 0
2020-03-19 07:02:02 basehttp.log_message: "GET /static/images/180 HTTP/1.1" 304 0
2020-03-19 07:02:02 basehttp.log_message: "GET /static/debug_toolbar/img/ajax-loader.gif HTTP/1.1" 304 0
2020-03-19 07:02:02 basehttp.log_message: "GET /vote/jssubjects/ HTTP/1.1" 200 63
2020-03-19 07:15:20 basehttp.log_message: "GET /vote/jsubjects/ HTTP/1.1" 200 10462
2020-03-19 07:15:22 basehttp.log_message: "GET /static/debug_toolbar/css/print.css HTTP/1.1" 304 0
2020-03-19 07:15:22 basehttp.log_message: "GET /static/debug_toolbar/css/toolbar.css HTTP/1.1" 304 0
2020-03-19 07:15:22 basehttp.log_message: "GET /static/debug_toolbar/js/toolbar.js HTTP/1.1" 304 0
2020-03-19 07:15:23 basehttp.log_message: "GET /static/images/180 HTTP/1.1" 304 0
2020-03-19 07:15:23 basehttp.log_message: "GET /static/debug_toolbar/img/ajax-loader.gif HTTP/1.1" 304 0
2020-03-19 07:15:24 basehttp.log_message: "GET /vote/jssubjects/ HTTP/1.1" 200 63
2020-03-19 07:16:23 basehttp.log_message: "GET /vote/jsubjects/ HTTP/1.1" 200 10467
2020-03-19 07:16:24 basehttp.log_message: "GET /static/debug_toolbar/css/print.css HTTP/1.1" 304 0
2020-03-19 07:16:24 basehttp.log_message: "GET /static/debug_toolbar/css/toolbar.css HTTP/1.1" 304 0
2020-03-19 07:16:24 basehttp.log_message: "GET /static/debug_toolbar/js/toolbar.js HTTP/1.1" 304 0
2020-03-19 07:16:24 basehttp.log_message: "GET /static/images/180 HTTP/1.1" 304 0
2020-03-19 07:16:24 basehttp.log_message: "GET /static/debug_toolbar/img/ajax-loader.gif HTTP/1.1" 304 0
2020-03-19 07:36:32 basehttp.log_message: "GET /vote/jsubjects/ HTTP/1.1" 200 10500
2020-03-19 07:36:33 basehttp.log_message: "GET /static/debug_toolbar/css/print.css HTTP/1.1" 304 0
2020-03-19 07:36:33 basehttp.log_message: "GET /static/debug_toolbar/js/toolbar.js HTTP/1.1" 304 0
2020-03-19 07:36:33 basehttp.log_message: "GET /static/debug_toolbar/css/toolbar.css HTTP/1.1" 304 0
2020-03-19 07:36:34 basehttp.log_message: "GET /static/images/180 HTTP/1.1" 304 0
2020-03-19 07:36:34 basehttp.log_message: "GET /static/debug_toolbar/img/ajax-loader.gif HTTP/1.1" 304 0
2020-03-19 07:36:34 basehttp.log_message: "GET /vote/jssubjects/ HTTP/1.1" 200 63
