2020-03-18 05:31:50 WARNING [6406-Thread-7] log.log_response line 228: Not Found: /__debug__/
2020-03-18 05:31:50 WARNING [6406-Thread-7] basehttp.log_message line 154: "GET /__debug__/ HTTP/1.1" 404 12487
2020-03-18 05:33:15 WARNING [6406-Thread-7] log.log_response line 228: Not Found: /admin/__debug__/
2020-03-18 05:33:15 WARNING [6406-Thread-7] basehttp.log_message line 154: "GET /admin/__debug__/ HTTP/1.1" 404 14211
2020-03-18 05:34:14 WARNING [6406-Thread-7] log.log_response line 228: Not Found: /__debug__/
2020-03-18 05:34:14 WARNING [6406-Thread-7] basehttp.log_message line 154: "GET /__debug__/ HTTP/1.1" 404 12486
2020-03-18 05:43:36 WARNING [6716-Thread-3] basehttp.log_message line 154: "GET /static/images/hot.png HTTP/1.1" 404 1666
2020-03-18 06:31:45 WARNING [7442-Thread-2] basehttp.log_message line 154: "GET /static/images/hot.png HTTP/1.1" 404 1666
2020-03-18 07:12:03 WARNING [3528-Thread-2] log.log_response line 228: Not Found: /
2020-03-18 07:12:03 WARNING [3528-Thread-2] basehttp.log_message line 154: "GET / HTTP/1.1" 404 11587
2020-03-18 07:12:09 WARNING [3528-Thread-2] log.log_response line 228: Not Found: /favicon.ico
2020-03-18 07:12:09 WARNING [3528-Thread-2] basehttp.log_message line 154: "GET /favicon.ico HTTP/1.1" 404 11636
2020-03-18 07:12:21 WARNING [3528-Thread-2] basehttp.log_message line 154: "GET /static/images/hot.png HTTP/1.1" 404 1666
2020-03-18 07:12:32 WARNING [3528-Thread-3] basehttp.log_message line 154: "GET /static/images/hot.png HTTP/1.1" 404 1666
2020-03-18 07:13:42 WARNING [3528-Thread-6] basehttp.log_message line 154: "GET /static/images/hot.png HTTP/1.1" 404 1666
2020-03-18 07:14:34 WARNING [3528-Thread-11] basehttp.log_message line 154: "GET /static/images/hot.png HTTP/1.1" 404 1666
2020-03-18 07:15:14 WARNING [3528-Thread-14] basehttp.log_message line 154: "GET /static/images/hot.png HTTP/1.1" 404 1666
2020-03-18 07:20:14 WARNING [3871-Thread-2] basehttp.log_message line 154: "GET /static/images/hot.png HTTP/1.1" 404 1666
2020-03-18 07:20:31 WARNING [3871-Thread-5] log.log_response line 228: Not Found: /
2020-03-18 07:20:31 WARNING [3871-Thread-5] basehttp.log_message line 154: "GET / HTTP/1.1" 404 11585
2020-03-18 07:33:34 WARNING [4095-Thread-2] basehttp.log_message line 154: "GET /static/images/hot.png HTTP/1.1" 404 1666
2020-03-18 07:33:36 WARNING [4095-Thread-5] basehttp.log_message line 154: "GET /static/images/hot.png HTTP/1.1" 404 1666
2020-03-18 07:34:43 WARNING [4095-Thread-6] basehttp.log_message line 154: "GET /static/images/hot.png HTTP/1.1" 404 1666
2020-03-18 07:37:44 WARNING [4175-Thread-2] basehttp.log_message line 154: "GET /static/images/hot.png HTTP/1.1" 404 1666
2020-03-18 07:38:00 WARNING [4175-Thread-5] basehttp.log_message line 154: "GET /static/images/hot.png HTTP/1.1" 404 1666
2020-03-18 08:23:15 WARNING [4829-Thread-2] basehttp.log_message line 154: "GET /static/images/hot.png HTTP/1.1" 404 1666
2020-03-18 08:23:23 WARNING [4829-Thread-4] basehttp.log_message line 154: "GET /static/images/hot.png HTTP/1.1" 404 1666
2020-03-18 09:00:10 WARNING [5467-Thread-4] basehttp.log_message line 154: "GET /static/images/hot.png HTTP/1.1" 404 1666
2020-03-18 09:01:54 WARNING [5583-Thread-2] basehttp.log_message line 154: "GET /static/images/hot.png HTTP/1.1" 404 1666
2020-03-18 09:46:52 WARNING [6215-Thread-5] basehttp.log_message line 154: "GET /static/images/hot.png HTTP/1.1" 404 1666
2020-03-18 09:47:11 WARNING [6215-Thread-6] basehttp.log_message line 154: "GET /static/images/hot.png HTTP/1.1" 404 1666
2020-03-18 09:49:46 WARNING [6295-Thread-7] basehttp.log_message line 154: "GET /static/images/hot.png HTTP/1.1" 404 1666
2020-03-18 09:49:55 WARNING [6295-Thread-8] basehttp.log_message line 154: "GET /static/images/hot.png HTTP/1.1" 404 1666
2020-03-18 09:50:59 WARNING [6347-Thread-2] basehttp.log_message line 154: "GET /static/images/hot.png HTTP/1.1" 404 1666
2020-03-18 09:51:18 WARNING [6347-Thread-3] basehttp.log_message line 154: "GET /static/images/hot.png HTTP/1.1" 404 1666
2020-03-18 10:16:51 WARNING [6714-Thread-2] basehttp.log_message line 154: "GET /static/images/hot.png HTTP/1.1" 404 1666
2020-03-18 10:17:48 WARNING [6714-Thread-4] log.log_response line 228: Not Found: /vote/login/maintain()
2020-03-18 10:17:48 WARNING [6714-Thread-4] basehttp.log_message line 154: "POST /vote/login/maintain() HTTP/1.1" 404 13546
2020-03-18 11:15:28 WARNING [7413-Thread-2] basehttp.log_message line 154: "GET /static/images/hot.png HTTP/1.1" 404 1666
2020-03-18 11:19:17 WARNING [7470-Thread-2] basehttp.log_message line 154: "GET /static/images/hot.png HTTP/1.1" 404 1666
2020-03-18 11:22:23 WARNING [7598-Thread-2] basehttp.log_message line 154: "GET /static/images/hot.png HTTP/1.1" 404 1666
2020-03-18 11:39:08 WARNING [7784-Thread-2] basehttp.log_message line 154: "GET /static/images/hot.png HTTP/1.1" 404 1666
2020-03-18 12:20:26 WARNING [8600-Thread-3] basehttp.log_message line 154: "GET /static/images/hot.png HTTP/1.1" 404 1666
2020-03-18 12:27:19 WARNING [8709-Thread-2] basehttp.log_message line 154: "GET /static/images/hot.png HTTP/1.1" 404 1666
2020-03-18 12:27:58 WARNING [8709-Thread-8] basehttp.log_message line 154: "GET /static/images/hot.png HTTP/1.1" 404 1666
2020-03-18 12:29:04 WARNING [8709-Thread-16] basehttp.log_message line 154: "GET /static/images/hot.png HTTP/1.1" 404 1666
2020-03-18 12:30:02 WARNING [8709-Thread-15] basehttp.log_message line 154: "GET /static/images/hot.png HTTP/1.1" 404 1666
2020-03-18 12:32:22 WARNING [8709-Thread-12] basehttp.log_message line 154: "GET /static/images/hot.png HTTP/1.1" 404 1666
2020-03-18 12:34:34 WARNING [8709-Thread-27] basehttp.log_message line 154: "GET /static/images/hot.png HTTP/1.1" 404 1666
2020-03-18 13:02:32 WARNING [9377-Thread-2] basehttp.log_message line 154: "GET /static/images/hot.png HTTP/1.1" 404 1666
2020-03-18 13:16:21 WARNING [9459-Thread-5] basehttp.log_message line 154: "GET /static/images/hot.png HTTP/1.1" 404 1666
2020-03-18 13:26:43 WARNING [9808-Thread-3] basehttp.log_message line 154: "GET /static/images/hot.png HTTP/1.1" 404 1666
2020-03-18 13:28:56 WARNING [9808-Thread-8] basehttp.log_message line 154: "GET /static/images/hot.png HTTP/1.1" 404 1666
2020-03-18 13:31:31 WARNING [9808-Thread-12] log.log_response line 228: Not Found: /vote/teacher_data/
2020-03-18 13:31:31 WARNING [9808-Thread-12] basehttp.log_message line 154: "GET /vote/teacher_data/ HTTP/1.1" 404 13536
2020-03-19 02:55:19 WARNING [3421-Thread-2] log.log_response line 228: Not Found: /favicon.ico
2020-03-19 02:55:19 WARNING [3421-Thread-2] basehttp.log_message line 154: "GET /favicon.ico HTTP/1.1" 404 11636
2020-03-19 03:28:00 WARNING [4206-Thread-2] basehttp.log_message line 154: "GET /static/images/hot.png HTTP/1.1" 404 1666
2020-03-19 03:28:02 WARNING [4206-Thread-4] basehttp.log_message line 154: "GET /static/images/hot.png HTTP/1.1" 404 1666
2020-03-19 03:28:35 WARNING [4206-Thread-3] basehttp.log_message line 154: "GET /static/images/hot.png HTTP/1.1" 404 1666
2020-03-19 03:28:35 WARNING [4206-Thread-7] basehttp.log_message line 154: "GET /static/images/hot.png HTTP/1.1" 404 1666
2020-03-19 03:28:44 WARNING [4206-Thread-8] basehttp.log_message line 154: "GET /static/images/hot.png HTTP/1.1" 404 1666
2020-03-19 03:28:47 WARNING [4206-Thread-9] basehttp.log_message line 154: "GET /static/images/hot.png HTTP/1.1" 404 1666
